2024-09-21 11:24:17,478 [INFO] Activator:176 - 


2024-09-21 11:24:17,479 [INFO] Activator:177 - !SESSION log4j initialized
2024-09-21 11:24:18,955 [ERROR] LogOutputStream:75 - [STDERR_REDIRECT] 
2024-09-21 11:24:20,526 [INFO] LogOutputStream:77 - [STDOUT_REDIRECT] 
2024-09-21 11:24:22,425 [INFO] ApplicationProperties:184 - Using Application install path: /Applications/STM32CubeIDE.app/Contents/Eclipse/plugins/com.st.stm32cube.common.mx_6.11.1.202404110753
2024-09-21 11:24:22,435 [INFO] DbMcusXml:78 - Set database path to: /Applications/STM32CubeIDE.app/Contents/Eclipse/plugins/com.st.stm32cube.common.mx_6.11.1.202404110753//db//mcu/
2024-09-21 11:24:22,435 [INFO] ApiDb:274 - Set plugin database path to: /Applications/STM32CubeIDE.app/Contents/Eclipse/plugins/com.st.stm32cube.common.mx_6.11.1.202404110753//db//plugins/boardmanager/
2024-09-21 11:24:22,435 [WARN] ApiDb:259 - Overriding images path with different value:  => /Applications/STM32CubeIDE.app/Contents/Eclipse/plugins/com.st.stm32cube.common.mx_6.11.1.202404110753//db//plugins/mcufinder/images/
2024-09-21 11:24:22,440 [INFO] ApiDb:250 - Set database path to: /Users/peterlototsky/.stmcufinder/plugins/mcufinder//mcu/
2024-09-21 11:24:22,441 [INFO] DbMcusAds:125 - Set database path to: /Users/peterlototsky/.stmcufinder/plugins/mcufinder//mcu/
2024-09-21 11:24:22,442 [INFO] CrossReferenceDbSqlite:203 - Set database path to: /Users/peterlototsky/.stmcufinder/plugins/mcufinder//mcu/cs/
2024-09-21 11:24:22,538 [INFO] RulesReader:64 - Compatibility file has been processed (297 Rules)
2024-09-21 11:24:22,584 [INFO] DbMcusXml:78 - Set database path to: /Applications/STM32CubeIDE.app/Contents/Eclipse/plugins/com.st.stm32cube.common.mx_6.11.1.202404110753//db//mcu/
2024-09-21 11:24:22,584 [INFO] ApiDb:274 - Set plugin database path to: /Applications/STM32CubeIDE.app/Contents/Eclipse/plugins/com.st.stm32cube.common.mx_6.11.1.202404110753//db//plugins/boardmanager/
2024-09-21 11:24:22,584 [INFO] ApiDb:261 - Set plugin images path to: /Applications/STM32CubeIDE.app/Contents/Eclipse/plugins/com.st.stm32cube.common.mx_6.11.1.202404110753//db//plugins/mcufinder/images/
2024-09-21 11:24:22,585 [WARN] DbFile:41 - Overriding database path with different value: /Users/peterlototsky/.stmcufinder/plugins/mcufinder/ => /Users/peterlototsky/.stmcufinder/plugins/mcufinder
2024-09-21 11:24:22,585 [INFO] ApiDb:250 - Set database path to: /Users/peterlototsky/.stmcufinder/plugins/mcufinder//mcu/
2024-09-21 11:24:22,585 [WARN] DbFile:41 - Overriding database path with different value: /Users/peterlototsky/.stmcufinder/plugins/mcufinder/ => /Users/peterlototsky/.stmcufinder/plugins/mcufinder
2024-09-21 11:24:22,585 [INFO] DbMcusAds:125 - Set database path to: /Users/peterlototsky/.stmcufinder/plugins/mcufinder//mcu/
2024-09-21 11:24:22,585 [WARN] DbFile:41 - Overriding database path with different value: /Users/peterlototsky/.stmcufinder/plugins/mcufinder/ => /Users/peterlototsky/.stmcufinder/plugins/mcufinder
2024-09-21 11:24:22,585 [WARN] DbFile:41 - Overriding database path with different value: /Users/peterlototsky/.stmcufinder/plugins/mcufinder/ => /Users/peterlototsky/.stmcufinder/plugins/mcufinder
2024-09-21 11:24:22,585 [INFO] CrossReferenceDbSqlite:203 - Set database path to: /Users/peterlototsky/.stmcufinder/plugins/mcufinder//mcu/cs/
2024-09-21 11:24:22,646 [INFO] MainPanel:264 - HeapMemory: 268435456
2024-09-21 11:24:22,707 [INFO] DbMcusXml:78 - Set database path to: /Applications/STM32CubeIDE.app/Contents/Eclipse/plugins/com.st.stm32cube.common.mx_6.11.1.202404110753//db//mcu/
2024-09-21 11:24:22,707 [INFO] ApiDb:274 - Set plugin database path to: /Applications/STM32CubeIDE.app/Contents/Eclipse/plugins/com.st.stm32cube.common.mx_6.11.1.202404110753//db//plugins/boardmanager/
2024-09-21 11:24:22,707 [INFO] ApiDb:261 - Set plugin images path to: /Applications/STM32CubeIDE.app/Contents/Eclipse/plugins/com.st.stm32cube.common.mx_6.11.1.202404110753//db//plugins/mcufinder/images/
2024-09-21 11:24:22,707 [WARN] DbFile:41 - Overriding database path with different value: /Users/peterlototsky/.stmcufinder/plugins/mcufinder/ => /Users/peterlototsky/.stmcufinder/plugins/mcufinder
2024-09-21 11:24:22,707 [INFO] ApiDb:250 - Set database path to: /Users/peterlototsky/.stmcufinder/plugins/mcufinder//mcu/
2024-09-21 11:24:22,707 [WARN] DbFile:41 - Overriding database path with different value: /Users/peterlototsky/.stmcufinder/plugins/mcufinder/ => /Users/peterlototsky/.stmcufinder/plugins/mcufinder
2024-09-21 11:24:22,707 [INFO] DbMcusAds:125 - Set database path to: /Users/peterlototsky/.stmcufinder/plugins/mcufinder//mcu/
2024-09-21 11:24:22,707 [WARN] DbFile:41 - Overriding database path with different value: /Users/peterlototsky/.stmcufinder/plugins/mcufinder/ => /Users/peterlototsky/.stmcufinder/plugins/mcufinder
2024-09-21 11:24:22,707 [WARN] DbFile:41 - Overriding database path with different value: /Users/peterlototsky/.stmcufinder/plugins/mcufinder/ => /Users/peterlototsky/.stmcufinder/plugins/mcufinder
2024-09-21 11:24:22,708 [INFO] CrossReferenceDbSqlite:203 - Set database path to: /Users/peterlototsky/.stmcufinder/plugins/mcufinder//mcu/cs/
2024-09-21 11:24:22,722 [INFO] ApplicationProperties:184 - Using Application install path: /Applications/STM32CubeIDE.app/Contents/Eclipse/plugins/com.st.stm32cube.common.mx_6.11.1.202404110753
2024-09-21 11:24:22,724 [INFO] PluginManage:196 - Search for loadable plugins [exclusion list=, ]
2024-09-21 11:24:22,726 [INFO] PluginManage:310 - Check plugin analytics
2024-09-21 11:24:22,879 [INFO] AnalyticsPlugin:253 - Accepted Software Licenses: 
2024-09-21 11:24:22,879 [INFO] AnalyticsPlugin:255 - Accepted CMSIS Pack Licenses: 
2024-09-21 11:24:22,879 [INFO] AnalyticsPlugin:257 - Accepted Firmware Licenses: 
2024-09-21 11:24:22,883 [INFO] PluginManage:359 - Loaded plugin analytics (category:tool,tabindex:-1)
2024-09-21 11:24:22,885 [INFO] PluginManage:310 - Check plugin cadmodel
2024-09-21 11:24:23,263 [INFO] CADModel:105 - Init CAD model plugin
2024-09-21 11:24:23,264 [INFO] PluginManage:359 - Loaded plugin cadmodel (category:power,tabindex:5)
2024-09-21 11:24:23,264 [INFO] PluginManage:310 - Check plugin clock
2024-09-21 11:24:23,272 [INFO] PluginManage:359 - Loaded plugin clock (category:base,tabindex:2)
2024-09-21 11:24:23,272 [INFO] PluginManage:310 - Check plugin ddr
2024-09-21 11:24:23,274 [INFO] PluginManage:359 - Loaded plugin ddr (category:tool,tabindex:6)
2024-09-21 11:24:23,274 [INFO] PluginManage:310 - Check plugin filemanager
2024-09-21 11:24:23,378 [INFO] PluginManage:359 - Loaded plugin filemanager (category:base,tabindex:10)
2024-09-21 11:24:23,379 [INFO] PluginManage:310 - Check plugin ipmanager
2024-09-21 11:24:23,384 [INFO] PluginManage:359 - Loaded plugin ipmanager (category:base,tabindex:5)
2024-09-21 11:24:23,385 [INFO] PluginManage:310 - Check plugin lpbam
2024-09-21 11:24:23,390 [INFO] PluginManage:359 - Loaded plugin lpbam (category:base,tabindex:0)
2024-09-21 11:24:23,390 [INFO] PluginManage:310 - Check plugin memorymap
2024-09-21 11:24:23,399 [INFO] PluginManage:359 - Loaded plugin memorymap (category:base,tabindex:4)
2024-09-21 11:24:23,399 [INFO] PluginManage:310 - Check plugin pinoutandconfiguration
2024-09-21 11:24:23,402 [INFO] PluginManage:359 - Loaded plugin pinoutandconfiguration (category:base,tabindex:1)
2024-09-21 11:24:23,402 [INFO] PluginManage:310 - Check plugin pinoutconfig
2024-09-21 11:24:23,471 [WARN] SupportedApi:132 - Cannot load RTOS API schema: s4s-elt-must-match.1: The content of 'definitions' must match (annotation?, (simpleType | complexType)?, (unique | key | keyref)*)). A problem was found starting at: attribute.
2024-09-21 11:24:23,618 [INFO] PluginManage:359 - Loaded plugin pinoutconfig (category:base,tabindex:0)
2024-09-21 11:24:23,618 [INFO] PluginManage:310 - Check plugin power
2024-09-21 11:24:23,630 [INFO] PluginManage:359 - Loaded plugin power (category:power,tabindex:4)
2024-09-21 11:24:23,631 [INFO] PluginManage:310 - Check plugin projectmanager
2024-09-21 11:24:23,665 [INFO] PluginManage:359 - Loaded plugin projectmanager (category:projectmanager,tabindex:3)
2024-09-21 11:24:23,666 [INFO] PluginManage:310 - Check plugin thirdparty
2024-09-21 11:24:23,845 [INFO] PluginManage:359 - Loaded plugin thirdparty (category:base,tabindex:-1)
2024-09-21 11:24:23,845 [INFO] PluginManage:310 - Check plugin tools
2024-09-21 11:24:23,845 [WARN] IntegrityCheckThread:84 - waiting for thirdparty lock release [integrity check]
2024-09-21 11:24:23,845 [INFO] IntegrityCheckThread:86 - entering critical section [integrity check]
2024-09-21 11:24:23,846 [INFO] ThirdPartyUpdaterWithRetryManager:70 - Updater plugin not ready yet. [1/15]
2024-09-21 11:24:23,849 [INFO] PluginManage:359 - Loaded plugin tools (category:base,tabindex:7)
2024-09-21 11:24:23,849 [INFO] PluginManage:310 - Check plugin tutovideos
2024-09-21 11:24:24,267 [INFO] PluginManage:359 - Loaded plugin tutovideos (category:base,tabindex:-1)
2024-09-21 11:24:24,271 [INFO] PluginManage:310 - Check plugin updater
2024-09-21 11:24:24,273 [ERROR] LogOutputStream:75 - [STDERR_REDIRECT] [Fatal Error] :2:10: DOCTYPE is disallowed when the feature "http://apache.org/xml/features/disallow-doctype-decl" set to true.
2024-09-21 11:24:24,275 [ERROR] LogOutputStream:75 - [STDERR_REDIRECT] 
2024-09-21 11:24:24,291 [INFO] PluginManage:359 - Loaded plugin updater (category:base,tabindex:12)
2024-09-21 11:24:24,291 [INFO] PluginManage:310 - Check plugin userauth
2024-09-21 11:24:24,300 [INFO] UserAuth:114 - Init User Auth plugin
2024-09-21 11:24:24,300 [INFO] PluginManage:359 - Loaded plugin userauth (category:base,tabindex:14)
2024-09-21 11:24:24,301 [INFO] PluginManage:283 - PluginManage : Loaded plugins [17]
2024-09-21 11:24:24,544 [INFO] PinOutPanel:1561 - setPackage(No Configuration,No Configuration)
2024-09-21 11:24:24,596 [INFO] CADModel:165 - CPN selected for project level
2024-09-21 11:24:24,596 [INFO] CADModel:114 - Register for checkConnection events
2024-09-21 11:24:24,603 [INFO] IPUIPlugin:80 - create IPUIPlugin
2024-09-21 11:24:24,604 [INFO] PluginManager:220 - loadIPPluginJar : add mdma
2024-09-21 11:24:24,606 [INFO] IPUIPlugin:80 - create IPUIPlugin
2024-09-21 11:24:24,607 [INFO] PluginManager:220 - loadIPPluginJar : add freertos
2024-09-21 11:24:24,609 [INFO] IPUIPlugin:80 - create IPUIPlugin
2024-09-21 11:24:24,609 [INFO] PluginManager:220 - loadIPPluginJar : add gic
2024-09-21 11:24:24,613 [INFO] IPUIPlugin:80 - create IPUIPlugin
2024-09-21 11:24:24,613 [INFO] PluginManager:220 - loadIPPluginJar : add adc
2024-09-21 11:24:24,615 [INFO] IPUIPlugin:80 - create IPUIPlugin
2024-09-21 11:24:24,616 [INFO] PluginManager:220 - loadIPPluginJar : add gtzc
2024-09-21 11:24:24,617 [INFO] IPUIPlugin:80 - create IPUIPlugin
2024-09-21 11:24:24,617 [INFO] PluginManager:220 - loadIPPluginJar : add quadspi
2024-09-21 11:24:24,618 [INFO] IPUIPlugin:80 - create IPUIPlugin
2024-09-21 11:24:24,618 [INFO] PluginManager:220 - loadIPPluginJar : add aes
2024-09-21 11:24:24,619 [INFO] IPUIPlugin:80 - create IPUIPlugin
2024-09-21 11:24:24,619 [INFO] PluginManager:220 - loadIPPluginJar : add pdm2pcm
2024-09-21 11:24:24,619 [INFO] IPUIPlugin:80 - create IPUIPlugin
2024-09-21 11:24:24,619 [INFO] PluginManager:220 - loadIPPluginJar : add hash
2024-09-21 11:24:24,620 [INFO] IPUIPlugin:80 - create IPUIPlugin
2024-09-21 11:24:24,620 [INFO] PluginManager:220 - loadIPPluginJar : add tim
2024-09-21 11:24:24,620 [INFO] IPUIPlugin:80 - create IPUIPlugin
2024-09-21 11:24:24,620 [INFO] PluginManager:220 - loadIPPluginJar : add tsc
2024-09-21 11:24:24,621 [INFO] IPUIPlugin:80 - create IPUIPlugin
2024-09-21 11:24:24,621 [INFO] PluginManager:220 - loadIPPluginJar : add extmemmanager
2024-09-21 11:24:24,622 [INFO] IPUIPlugin:80 - create IPUIPlugin
2024-09-21 11:24:24,623 [INFO] PluginManager:220 - loadIPPluginJar : add ts
2024-09-21 11:24:24,625 [INFO] IPUIPlugin:80 - create IPUIPlugin
2024-09-21 11:24:24,625 [INFO] PluginManager:220 - loadIPPluginJar : add can
2024-09-21 11:24:24,626 [INFO] IPUIPlugin:80 - create IPUIPlugin
2024-09-21 11:24:24,626 [INFO] PluginManager:220 - loadIPPluginJar : add dma3
2024-09-21 11:24:24,627 [INFO] IPUIPlugin:80 - create IPUIPlugin
2024-09-21 11:24:24,627 [INFO] PluginManager:220 - loadIPPluginJar : add dfsdm
2024-09-21 11:24:24,628 [INFO] IPUIPlugin:80 - create IPUIPlugin
2024-09-21 11:24:24,628 [INFO] PluginManager:220 - loadIPPluginJar : add spi
2024-09-21 11:24:24,629 [INFO] IPUIPlugin:80 - create IPUIPlugin
2024-09-21 11:24:24,630 [INFO] PluginManager:220 - loadIPPluginJar : add gfxmmu
2024-09-21 11:24:24,630 [INFO] IPUIPlugin:80 - create IPUIPlugin
2024-09-21 11:24:24,630 [INFO] PluginManager:220 - loadIPPluginJar : add genericplugin
2024-09-21 11:24:24,631 [INFO] IPUIPlugin:80 - create IPUIPlugin
2024-09-21 11:24:24,631 [INFO] PluginManager:220 - loadIPPluginJar : add cryp
2024-09-21 11:24:24,633 [INFO] IPUIPlugin:80 - create IPUIPlugin
2024-09-21 11:24:24,633 [INFO] PluginManager:220 - loadIPPluginJar : add gpio
2024-09-21 11:24:24,634 [INFO] IPUIPlugin:80 - create IPUIPlugin
2024-09-21 11:24:24,634 [INFO] PluginManager:220 - loadIPPluginJar : add comp
2024-09-21 11:24:24,635 [INFO] IPUIPlugin:80 - create IPUIPlugin
2024-09-21 11:24:24,636 [INFO] PluginManager:220 - loadIPPluginJar : add tracer_emb
2024-09-21 11:24:24,637 [INFO] IPUIPlugin:80 - create IPUIPlugin
2024-09-21 11:24:24,638 [INFO] PluginManager:220 - loadIPPluginJar : add openamp
2024-09-21 11:24:24,640 [INFO] IPUIPlugin:80 - create IPUIPlugin
2024-09-21 11:24:24,640 [INFO] PluginManager:220 - loadIPPluginJar : add stm32_wpan
2024-09-21 11:24:24,645 [INFO] IPUIPlugin:80 - create IPUIPlugin
2024-09-21 11:24:24,647 [INFO] PluginManager:220 - loadIPPluginJar : add plateformsettings
2024-09-21 11:24:24,648 [INFO] IPUIPlugin:80 - create IPUIPlugin
2024-09-21 11:24:24,649 [INFO] PluginManager:220 - loadIPPluginJar : add ipddr
2024-09-21 11:24:24,650 [INFO] IPUIPlugin:80 - create IPUIPlugin
2024-09-21 11:24:24,651 [INFO] PluginManager:220 - loadIPPluginJar : add usart
2024-09-21 11:24:24,651 [INFO] IPUIPlugin:80 - create IPUIPlugin
2024-09-21 11:24:24,651 [INFO] PluginManager:220 - loadIPPluginJar : add ltdc
2024-09-21 11:24:24,653 [INFO] IPUIPlugin:80 - create IPUIPlugin
2024-09-21 11:24:24,653 [INFO] PluginManager:220 - loadIPPluginJar : add nvic
2024-09-21 11:24:24,653 [INFO] IPUIPlugin:80 - create IPUIPlugin
2024-09-21 11:24:24,653 [INFO] PluginManager:220 - loadIPPluginJar : add fatfs
2024-09-21 11:24:24,658 [INFO] IPUIPlugin:80 - create IPUIPlugin
2024-09-21 11:24:24,659 [INFO] PluginManager:220 - loadIPPluginJar : add linkedlist
2024-09-21 11:24:24,662 [INFO] IPUIPlugin:80 - create IPUIPlugin
2024-09-21 11:24:24,662 [INFO] PluginManager:220 - loadIPPluginJar : add dma
2024-09-21 11:24:24,666 [INFO] IPUIPlugin:80 - create IPUIPlugin
2024-09-21 11:24:24,666 [INFO] PluginManager:220 - loadIPPluginJar : add fmc
2024-09-21 11:24:24,668 [INFO] IPUIPlugin:80 - create IPUIPlugin
2024-09-21 11:24:24,668 [INFO] PluginManager:220 - loadIPPluginJar : add i2s
2024-09-21 11:24:24,668 [INFO] IPUIPlugin:80 - create IPUIPlugin
2024-09-21 11:24:24,668 [INFO] PluginManager:220 - loadIPPluginJar : add ucpd
2024-09-21 11:24:24,669 [INFO] IPUIPlugin:80 - create IPUIPlugin
2024-09-21 11:24:24,669 [INFO] PluginManager:220 - loadIPPluginJar : add lorawan
2024-09-21 11:24:24,670 [INFO] IPUIPlugin:80 - create IPUIPlugin
2024-09-21 11:24:24,671 [INFO] PluginManager:220 - loadIPPluginJar : add opamp
2024-09-21 11:24:24,672 [INFO] IPUIPlugin:80 - create IPUIPlugin
2024-09-21 11:24:24,672 [INFO] PluginManager:220 - loadIPPluginJar : add i3c
2024-09-21 11:24:24,673 [INFO] IPUIPlugin:80 - create IPUIPlugin
2024-09-21 11:24:24,674 [INFO] PluginManager:220 - loadIPPluginJar : add touchsensing
2024-09-21 11:24:24,674 [INFO] IPUIPlugin:80 - create IPUIPlugin
2024-09-21 11:24:24,675 [INFO] PluginManager:220 - loadIPPluginJar : add i2c
2024-09-21 11:24:24,676 [INFO] IPUIPlugin:80 - create IPUIPlugin
2024-09-21 11:24:24,676 [INFO] PluginManager:220 - loadIPPluginJar : add resmgrutility
2024-09-21 11:24:24,677 [INFO] IPUIPlugin:80 - create IPUIPlugin
2024-09-21 11:24:24,677 [INFO] PluginManager:220 - loadIPPluginJar : add sai
2024-09-21 11:24:24,678 [INFO] IPUIPlugin:80 - create IPUIPlugin
2024-09-21 11:24:24,678 [INFO] PluginManager:220 - loadIPPluginJar : add usbx
2024-09-21 11:24:24,786 [INFO] CADModel:165 - CPN selected for project level
2024-09-21 11:24:24,787 [INFO] CADModel:114 - Register for checkConnection events
2024-09-21 11:24:24,787 [FATAL] Updater:308 - Updater called before beeing initialized
2024-09-21 11:24:24,787 [ERROR] CADModel:125 - Updater not yet initialized, retry later 
2024-09-21 11:24:25,228 [INFO] CADModel:165 - CPN selected for project level
2024-09-21 11:24:25,231 [INFO] CADModel:114 - Register for checkConnection events
2024-09-21 11:24:25,232 [FATAL] Updater:308 - Updater called before beeing initialized
2024-09-21 11:24:25,232 [ERROR] CADModel:125 - Updater not yet initialized, retry later 
2024-09-21 11:24:25,239 [FATAL] Updater:308 - Updater called before beeing initialized
2024-09-21 11:24:25,402 [FATAL] Updater:308 - Updater called before beeing initialized
2024-09-21 11:24:25,410 [INFO] DbMcusAds:53 - JSON generation date=Fri Sep 20 06:04:23 PDT 2024 (1726837463113)
2024-09-21 11:24:25,410 [FATAL] Updater:308 - Updater called before beeing initialized
2024-09-21 11:24:25,449 [WARN] DetailPanel:346 - Failed to get advertising image, set to default
2024-09-21 11:24:25,500 [FATAL] Updater:308 - Updater called before beeing initialized
2024-09-21 11:24:25,501 [FATAL] Updater:308 - Updater called before beeing initialized
2024-09-21 11:24:25,501 [FATAL] Updater:308 - Updater called before beeing initialized
2024-09-21 11:24:25,501 [WARN] DetailPanel:346 - Failed to get advertising image, set to default
2024-09-21 11:24:25,502 [FATAL] Updater:308 - Updater called before beeing initialized
2024-09-21 11:24:25,559 [ERROR] Updater:1120 - MainUpdater not yet initialized. External WinMGr cannot be set.
2024-09-21 11:24:25,566 [INFO] Updater:1056 - Updater Version found : 6.11.1
2024-09-21 11:24:25,577 [INFO] ApplicationProperties:184 - Using Application install path: /Applications/STM32CubeIDE.app/Contents/Eclipse/plugins/com.st.stm32cube.common.mx_6.11.1.202404110753
2024-09-21 11:24:25,899 [INFO] MainUpdater:2873 - connection check result : 10
2024-09-21 11:24:25,899 [INFO] MainUpdater:290 - Updater Check For Update Now.
2024-09-21 11:24:25,900 [INFO] MicroXplorer:498 - Change Database Version : DB.6.0.111
2024-09-21 11:24:25,903 [INFO] McuFinderGlobals:63 - Set McuFinder mode to 2 (CubeIDE integrated)
2024-09-21 11:24:25,903 [INFO] UserAuth:179 - activating auth plugin
2024-09-21 11:24:25,915 [INFO] UserAuth:415 - Internet connection configuration mode: 1
2024-09-21 11:24:25,921 [INFO] JxBrowserEngine:152 - Initiate JxBrowser Engine with user profile folder
2024-09-21 11:24:26,173 [INFO] CheckServerUpdateThread:120 - End of CheckServer Thread
2024-09-21 11:24:27,002 [WARN] PackLoader:240 - Cannot read IP mode file for STMicroelectronics.FP-SNS-MOTENVWB1.1.4.0
2024-09-21 11:24:27,024 [WARN] PackLoader:240 - Cannot read IP mode file for STMicroelectronics.X-CUBE-SMBUS.2.1.0
2024-09-21 11:24:27,044 [WARN] PackLoader:240 - Cannot read IP mode file for STMicroelectronics.X-CUBE-TOUCHGFX.4.23.2
2024-09-21 11:24:27,085 [WARN] PackLoader:240 - Cannot read IP mode file for STMicroelectronics.X-CUBE-AZRTOS-F7.1.1.0
2024-09-21 11:24:27,332 [WARN] PackLoader:240 - Cannot read IP mode file for STMicroelectronics.X-CUBE-MEMS1.11.0.0
2024-09-21 11:24:27,561 [WARN] PackLoader:240 - Cannot read IP mode file for STMicroelectronics.FP-SNS-FLIGHT1.5.0.2
2024-09-21 11:24:27,599 [WARN] PackLoader:240 - Cannot read IP mode file for STMicroelectronics.X-CUBE-DISPLAY.3.0.0
2024-09-21 11:24:27,655 [WARN] PackLoader:240 - Cannot read IP mode file for STMicroelectronics.X-CUBE-BLE1.7.0.0
2024-09-21 11:24:27,699 [WARN] PackLoader:240 - Cannot read IP mode file for emotas.I-CUBE-CANOPEN.1.3.0
2024-09-21 11:24:27,732 [WARN] PackLoader:240 - Cannot read IP mode file for STMicroelectronics.X-CUBE-BLEMGR.3.1.0
2024-09-21 11:24:27,751 [WARN] PackLoader:240 - Cannot read IP mode file for STMicroelectronics.FP-SNS-SMARTAG2.1.2.0
2024-09-21 11:24:27,766 [INFO] LogOutputStream:77 - [STDOUT_REDIRECT] 1 : Invalid condition id : UX_CORESTACK_Condition cause : null
2024-09-21 11:24:27,768 [INFO] LogOutputStream:77 - [STDOUT_REDIRECT] 1 : Invalid condition id : UX_CORESTACK_Condition cause : null
2024-09-21 11:24:27,769 [INFO] LogOutputStream:77 - [STDOUT_REDIRECT] 1 : Invalid condition id : UX_CORESTACK_Condition cause : null
2024-09-21 11:24:27,769 [INFO] LogOutputStream:77 - [STDOUT_REDIRECT] 1 : Invalid condition id : UX_CORESTACK_Condition cause : null
2024-09-21 11:24:27,769 [INFO] LogOutputStream:77 - [STDOUT_REDIRECT] 1 : Invalid condition id : UX_CORESTACK_Condition cause : null
2024-09-21 11:24:27,774 [WARN] PackLoader:240 - Cannot read IP mode file for STMicroelectronics.X-CUBE-AZRTOS-WL.2.0.0
2024-09-21 11:24:27,787 [WARN] PackLoader:240 - Cannot read IP mode file for STMicroelectronics.FP-SNS-MOTENV1.5.0.0
2024-09-21 11:24:27,802 [WARN] PackLoader:240 - Cannot read IP mode file for wolfSSL.I-CUBE-wolfMQTT.1.19.0
2024-09-21 11:24:27,812 [WARN] PackLoader:240 - Cannot read IP mode file for WES.I-CUBE-Cesium.1.3.0
2024-09-21 11:24:27,817 [WARN] PackLoader:240 - Cannot read IP mode file for STMicroelectronics.X-CUBE-BLE2.3.3.0
2024-09-21 11:24:27,822 [WARN] PackLoader:240 - Cannot read IP mode file for STMicroelectronics.X-CUBE-TCPP.4.1.0
2024-09-21 11:24:27,856 [WARN] PackLoader:240 - Cannot read IP mode file for STMicroelectronics.X-CUBE-AZRTOS-G0.1.1.0
2024-09-21 11:24:27,946 [WARN] PackLoader:240 - Cannot read IP mode file for STMicroelectronics.X-CUBE-SAFEA1.1.2.2
2024-09-21 11:24:27,960 [WARN] PackLoader:240 - Cannot read IP mode file for STMicroelectronics.X-CUBE-NFC4.3.0.0
2024-09-21 11:24:27,980 [WARN] PackLoader:240 - Cannot read IP mode file for EmbeddedOffice.I-CUBE-FS-RTOS.1.0.1
2024-09-21 11:24:27,982 [ERROR] ConditionMgr:805 - Attr not supported : Dmpu
2024-09-21 11:24:27,983 [ERROR] ConditionMgr:805 - Attr not supported : Dmpu
2024-09-21 11:24:27,983 [ERROR] ConditionMgr:805 - Attr not supported : Dmpu
2024-09-21 11:24:27,983 [ERROR] ConditionMgr:805 - Attr not supported : Dmpu
2024-09-21 11:24:27,984 [ERROR] ConditionMgr:805 - Attr not supported : Dmpu
2024-09-21 11:24:27,984 [ERROR] ConditionMgr:805 - Attr not supported : Dmpu
2024-09-21 11:24:27,984 [ERROR] ConditionMgr:805 - Attr not supported : Dmpu
2024-09-21 11:24:27,984 [ERROR] ConditionMgr:805 - Attr not supported : Dmpu
2024-09-21 11:24:27,984 [ERROR] ConditionMgr:805 - Attr not supported : Dmpu
2024-09-21 11:24:27,984 [ERROR] ConditionMgr:805 - Attr not supported : Dmpu
2024-09-21 11:24:27,984 [ERROR] ConditionMgr:805 - Attr not supported : Dmpu
2024-09-21 11:24:27,984 [ERROR] ConditionMgr:805 - Attr not supported : Dmpu
2024-09-21 11:24:27,984 [ERROR] ConditionMgr:805 - Attr not supported : Dmpu
2024-09-21 11:24:27,984 [ERROR] ConditionMgr:805 - Attr not supported : Dmpu
2024-09-21 11:24:27,984 [ERROR] ConditionMgr:805 - Attr not supported : Dmpu
2024-09-21 11:24:27,984 [ERROR] ConditionMgr:805 - Attr not supported : Dmpu
2024-09-21 11:24:27,984 [ERROR] ConditionMgr:805 - Attr not supported : Dmpu
2024-09-21 11:24:27,984 [ERROR] ConditionMgr:805 - Attr not supported : Dmpu
2024-09-21 11:24:27,984 [ERROR] ConditionMgr:805 - Attr not supported : Dmpu
2024-09-21 11:24:27,985 [ERROR] ConditionMgr:805 - Attr not supported : Dmpu
2024-09-21 11:24:27,985 [ERROR] ConditionMgr:805 - Attr not supported : Dmpu
2024-09-21 11:24:27,986 [ERROR] ConditionMgr:805 - Attr not supported : Dmpu
2024-09-21 11:24:27,986 [ERROR] ConditionMgr:805 - Attr not supported : Dmpu
2024-09-21 11:24:27,986 [ERROR] ConditionMgr:805 - Attr not supported : Dmpu
2024-09-21 11:24:27,986 [ERROR] ConditionMgr:805 - Attr not supported : Dmpu
2024-09-21 11:24:27,986 [ERROR] ConditionMgr:805 - Attr not supported : Dmpu
2024-09-21 11:24:27,986 [ERROR] ConditionMgr:805 - Attr not supported : Dmpu
2024-09-21 11:24:27,986 [ERROR] ConditionMgr:805 - Attr not supported : Dmpu
2024-09-21 11:24:27,986 [ERROR] ConditionMgr:805 - Attr not supported : Dmpu
2024-09-21 11:24:27,986 [ERROR] ConditionMgr:805 - Attr not supported : Dmpu
2024-09-21 11:24:27,986 [ERROR] ConditionMgr:805 - Attr not supported : Dmpu
2024-09-21 11:24:27,986 [ERROR] ConditionMgr:805 - Attr not supported : Dmpu
2024-09-21 11:24:27,986 [ERROR] ConditionMgr:805 - Attr not supported : Dmpu
2024-09-21 11:24:27,986 [ERROR] ConditionMgr:805 - Attr not supported : Dmpu
2024-09-21 11:24:27,986 [ERROR] ConditionMgr:805 - Attr not supported : Dmpu
2024-09-21 11:24:27,986 [ERROR] ConditionMgr:805 - Attr not supported : Dmpu
2024-09-21 11:24:27,987 [ERROR] ConditionMgr:805 - Attr not supported : Dmpu
2024-09-21 11:24:27,988 [ERROR] ConditionMgr:805 - Attr not supported : Dmpu
2024-09-21 11:24:27,988 [ERROR] ConditionMgr:805 - Attr not supported : Dmpu
2024-09-21 11:24:27,988 [ERROR] ConditionMgr:805 - Attr not supported : Dmpu
2024-09-21 11:24:27,988 [ERROR] ConditionMgr:805 - Attr not supported : Dmpu
2024-09-21 11:24:27,988 [ERROR] ConditionMgr:805 - Attr not supported : Dmpu
2024-09-21 11:24:27,988 [ERROR] ConditionMgr:805 - Attr not supported : Dmpu
2024-09-21 11:24:27,989 [ERROR] ConditionMgr:805 - Attr not supported : Dmpu
2024-09-21 11:24:27,989 [ERROR] ConditionMgr:805 - Attr not supported : Dmpu
2024-09-21 11:24:27,990 [ERROR] ConditionMgr:805 - Attr not supported : Dmpu
2024-09-21 11:24:27,990 [ERROR] ConditionMgr:805 - Attr not supported : Dmpu
2024-09-21 11:24:27,990 [ERROR] ConditionMgr:805 - Attr not supported : Dmpu
2024-09-21 11:24:27,990 [ERROR] ConditionMgr:805 - Attr not supported : Dmpu
2024-09-21 11:24:27,990 [ERROR] ConditionMgr:805 - Attr not supported : Dmpu
2024-09-21 11:24:27,990 [ERROR] ConditionMgr:805 - Attr not supported : Dmpu
2024-09-21 11:24:27,990 [ERROR] ConditionMgr:805 - Attr not supported : Dmpu
2024-09-21 11:24:27,990 [ERROR] ConditionMgr:805 - Attr not supported : Dmpu
2024-09-21 11:24:27,990 [ERROR] ConditionMgr:805 - Attr not supported : Dmpu
2024-09-21 11:24:27,990 [ERROR] ConditionMgr:805 - Attr not supported : Dmpu
2024-09-21 11:24:27,990 [ERROR] ConditionMgr:805 - Attr not supported : Dmpu
2024-09-21 11:24:27,990 [ERROR] ConditionMgr:805 - Attr not supported : Dmpu
2024-09-21 11:24:27,990 [ERROR] ConditionMgr:805 - Attr not supported : Dmpu
2024-09-21 11:24:27,990 [ERROR] ConditionMgr:805 - Attr not supported : Dmpu
2024-09-21 11:24:27,990 [ERROR] ConditionMgr:805 - Attr not supported : Dmpu
2024-09-21 11:24:27,991 [ERROR] ConditionMgr:805 - Attr not supported : Dmpu
2024-09-21 11:24:27,991 [ERROR] ConditionMgr:805 - Attr not supported : Dmpu
2024-09-21 11:24:27,991 [ERROR] ConditionMgr:805 - Attr not supported : Dmpu
2024-09-21 11:24:27,991 [ERROR] ConditionMgr:805 - Attr not supported : Dmpu
2024-09-21 11:24:27,997 [WARN] PackLoader:240 - Cannot read IP mode file for RealThread.X-CUBE-RT-Thread_Nano.4.1.1
2024-09-21 11:24:28,002 [WARN] PackLoader:240 - Cannot read IP mode file for wolfSSL.I-CUBE-wolfSSL.5.7.0
2024-09-21 11:24:28,005 [WARN] PackLoader:240 - Cannot read IP mode file for STMicroelectronics.FP-ATR-SIGFOX1.3.2.0
2024-09-21 11:24:28,011 [WARN] PackLoader:240 - Cannot read IP mode file for STMicroelectronics.X-CUBE-EEPRMA1.5.1.0
2024-09-21 11:24:28,015 [WARN] PackLoader:240 - Cannot read IP mode file for ITTIA_DB.I-CUBE-ITTIADB.8.9.0
2024-09-21 11:24:28,056 [WARN] PackLoader:240 - Cannot read IP mode file for SEGGER.I-CUBE-embOS.1.3.1
2024-09-21 11:24:28,082 [WARN] PackLoader:240 - Cannot read IP mode file for STMicroelectronics.X-CUBE-ALGOBUILD.1.4.0
2024-09-21 11:24:28,088 [WARN] PackLoader:240 - Cannot read IP mode file for STMicroelectronics.X-CUBE-GNSS1.6.0.0
2024-09-21 11:24:28,110 [WARN] PackLoader:240 - Cannot read IP mode file for STMicroelectronics.X-CUBE-AZRTOS-F4.1.1.0
2024-09-21 11:24:28,116 [WARN] PackLoader:240 - Cannot read IP mode file for STMicroelectronics.X-CUBE-ISPU.2.1.0
2024-09-21 11:24:28,121 [WARN] PackLoader:240 - Cannot read IP mode file for STMicroelectronics.X-CUBE-FREERTOS.1.2.0
2024-09-21 11:24:28,137 [WARN] PackLoader:240 - Cannot read IP mode file for STMicroelectronics.X-CUBE-AZRTOS-L5.2.0.0
2024-09-21 11:24:28,149 [WARN] PackLoader:240 - Cannot read IP mode file for STMicroelectronics.X-CUBE-NFC6.3.1.0
2024-09-21 11:24:28,156 [WARN] PackLoader:240 - Cannot read IP mode file for STMicroelectronics.X-CUBE-DPower.1.2.0
2024-09-21 11:24:28,161 [WARN] PackLoader:240 - Cannot read IP mode file for STMicroelectronics.X-CUBE-AI.9.0.0
2024-09-21 11:24:28,168 [WARN] PackLoader:240 - Cannot read IP mode file for STMicroelectronics.X-CUBE-NFC7.1.0.1
2024-09-21 11:24:28,188 [WARN] ConditionMgr:438 - getConditionDescription Invalid condition id : LAN8742 Phy interface Condition cause : null
2024-09-21 11:24:28,190 [WARN] PackLoader:240 - Cannot read IP mode file for STMicroelectronics.X-CUBE-AZRTOS-L4.2.0.0
2024-09-21 11:24:28,192 [WARN] ConditionMgr:1039 - genDependencies : Invalid condition id : LAN8742 Phy interface Condition cause : null
2024-09-21 11:24:28,193 [WARN] ConditionMgr:1039 - genDependencies : Invalid condition id : LAN8742 Phy interface Condition cause : null
2024-09-21 11:24:28,194 [WARN] ConditionMgr:1039 - genDependencies : Invalid condition id : LAN8742 Phy interface Condition cause : null
2024-09-21 11:24:28,206 [WARN] PackLoader:240 - Cannot read IP mode file for STMicroelectronics.X-CUBE-SFXS2LP1.4.0.0
2024-09-21 11:24:28,231 [WARN] PackLoader:240 - Cannot read IP mode file for STMicroelectronics.X-CUBE-AZRTOS-H7.3.3.0
2024-09-21 11:24:28,252 [WARN] ConditionMgr:438 - getConditionDescription Invalid condition id : UX DEVICE CLASS RTOS Condition cause : null
2024-09-21 11:24:28,252 [WARN] ConditionMgr:438 - getConditionDescription Invalid condition id : UX DEVICE CLASS RTOS Condition cause : null
2024-09-21 11:24:28,256 [WARN] PackLoader:240 - Cannot read IP mode file for STMicroelectronics.X-CUBE-AZRTOS-WB.2.0.0
2024-09-21 11:24:28,257 [WARN] ConditionMgr:1039 - genDependencies : Invalid condition id : UX DEVICE CLASS RTOS Condition cause : null
2024-09-21 11:24:28,257 [WARN] ConditionMgr:1039 - genDependencies : Invalid condition id : UX DEVICE CLASS RTOS Condition cause : null
2024-09-21 11:24:28,257 [WARN] ConditionMgr:1039 - genDependencies : Invalid condition id : UX DEVICE CLASS RTOS Condition cause : null
2024-09-21 11:24:28,258 [WARN] ConditionMgr:1039 - genDependencies : Invalid condition id : UX DEVICE CLASS RTOS Condition cause : null
2024-09-21 11:24:28,258 [WARN] ConditionMgr:1039 - genDependencies : Invalid condition id : UX DEVICE CLASS RTOS Condition cause : null
2024-09-21 11:24:28,283 [WARN] PackLoader:240 - Cannot read IP mode file for STMicroelectronics.X-CUBE-GNSS1.7.0.0
2024-09-21 11:24:28,296 [WARN] PackLoader:240 - Cannot read IP mode file for STMicroelectronics.FP-SNS-STBOX1.2.0.0
2024-09-21 11:24:28,312 [WARN] PackLoader:240 - Cannot read IP mode file for STMicroelectronics.X-CUBE-SUBG2.5.0.0
2024-09-21 11:24:28,337 [WARN] PackLoader:240 - Cannot read IP mode file for Cesanta.I-CUBE-Mongoose.7.13.0
2024-09-21 11:24:28,359 [WARN] PackLoader:240 - Cannot read IP mode file for STMicroelectronics.X-CUBE-AZRTOS-G4.2.0.0
2024-09-21 11:24:28,369 [WARN] PackLoader:240 - Cannot read IP mode file for STMicroelectronics.X-CUBE-ISPU.2.0.0
2024-09-21 11:24:28,376 [WARN] PackLoader:240 - Cannot read IP mode file for STMicroelectronics.X-CUBE-ALS.1.0.2
2024-09-21 11:24:28,423 [WARN] PackLoader:240 - Cannot read IP mode file for STMicroelectronics.X-CUBE-MEMS1.10.0.0
2024-09-21 11:24:28,508 [WARN] PackLoader:240 - Cannot read IP mode file for STMicroelectronics.X-CUBE-TOUCHGFX.4.24.1
2024-09-21 11:24:28,540 [WARN] PackLoader:240 - Cannot read IP mode file for wolfSSL.I-CUBE-wolfTPM.3.4.0
2024-09-21 11:24:28,544 [WARN] PackLoader:240 - Cannot read IP mode file for portGmbH.I-Cube-SoM-uGOAL.1.1.0
2024-09-21 11:24:28,560 [WARN] PackLoader:240 - Cannot read IP mode file for STMicroelectronics.X-CUBE-AZRTOS-H7RS.1.0.0
2024-09-21 11:24:28,567 [WARN] PackLoader:240 - Cannot read IP mode file for STMicroelectronics.FP-ATR-ASTRA1.2.0.0
2024-09-21 11:24:28,578 [WARN] PackLoader:240 - Cannot read IP mode file for STMicroelectronics.X-CUBE-TOF1.3.4.2
2024-09-21 11:24:28,594 [WARN] PackLoader:240 - Cannot read IP mode file for STMicroelectronics.X-CUBE-TOF1.3.4.1
2024-09-21 11:24:28,632 [WARN] PackLoader:240 - Cannot read IP mode file for STMicroelectronics.X-CUBE-AZRTOS-H7.3.2.0
2024-09-21 11:24:28,652 [WARN] PackLoader:240 - Cannot read IP mode file for Infineon.AIROC-Wi-Fi-Bluetooth-STM32.1.6.0
2024-09-21 11:24:28,664 [WARN] PackLoader:240 - Cannot read IP mode file for wolfSSL.I-CUBE-wolfSSH.1.4.17
2024-09-21 11:24:28,671 [INFO] ThirdParty:978 - Integrity check success = true
2024-09-21 11:24:28,671 [INFO] IntegrityCheckThread:100 - exiting critical section [integrity check]
2024-09-21 11:24:28,671 [INFO] IntegrityCheckThread:103 - End integrity checks thread
2024-09-21 11:24:29,789 [INFO] WebApp:161 - Instantiating new browser for Auth
2024-09-21 11:24:30,544 [INFO] WebApp:779 - Register for checkConnection events
2024-09-21 11:24:30,547 [INFO] WebApp:414 - Apply proxy settings
2024-09-21 11:24:30,568 [INFO] WebApp:459 - Chromium authenticates against Manually configured proxy
2024-09-21 11:24:30,580 [INFO] WebApp:467 - Username used for proxy authentication: 
2024-09-21 11:24:30,695 [INFO] WebApp:192 - Starting web application
2024-09-21 11:24:30,695 [INFO] WebApp:544 - Web application path used /Applications/STM32CubeIDE.app/Contents/Eclipse/plugins/com.st.stm32cube.common.mx_6.11.1.202404110753/db/plugins/mcufinder/reactClient1/index.html
2024-09-21 11:24:37,402 [INFO] McuFinderGlobals:63 - Set McuFinder mode to 2 (CubeIDE integrated)
2024-09-21 11:24:37,407 [INFO] MainUpdater:2873 - connection check result : 10
2024-09-21 11:24:38,371 [INFO] ApiDb:581 - Connected to CubeFinder SQLite database (/Users/peterlototsky/.stmcufinder/plugins/mcufinder/mcu/cube-finder-db.db)
2024-09-21 11:24:38,416 [INFO] ApiDb:668 - CubeFinder database Data Model version=2.1
2024-09-21 11:24:38,416 [INFO] ApiDb:669 - CubeFinder database Configuration version=3.0.39
2024-09-21 11:24:38,417 [INFO] ApiDb:670 - CubeFinder database generation date=2024-09-16 (1726485674)
2024-09-21 11:24:38,417 [INFO] ApiDb:671 - CubeFinder database FW Pack versions=[FP-ATR-ASTRA1_V2.0.0, FP-SNS-FLIGHT1_V5.0.2, FP-SNS-MOTENV1_V5.0.0, FP-SNS-MOTENVWB1_V1.4.0, FP-SNS-SMARTAG2_V1.2.0, FP-SNS-STBOX1_V2.0.0, STM32Cube_FW_C0_V1.2.0, STM32Cube_FW_F4_V1.28.1, STM32Cube_FW_F7_V1.17.2, STM32Cube_FW_G0_V1.6.2, STM32Cube_FW_G4_V1.6.0, STM32Cube_FW_H5_V1.3.0, STM32Cube_FW_H7RS_V1.1.0, STM32Cube_FW_H7_V1.11.2, STM32Cube_FW_L0_V1.12.2, STM32Cube_FW_L5_V1.5.1, STM32Cube_FW_U0_V1.1.0, STM32Cube_FW_U5_V1.6.0, STM32Cube_FW_WB0_V1.0.0, STM32Cube_FW_WBA_V1.4.1, STM32Cube_FW_WB_V1.20.0, STM32Cube_FW_WL_V1.3.0, X-CUBE-ALGOBUILD_V1.4.0, X-CUBE-ALS_V1.0.2, X-CUBE-AZRTOS-F4_V1.1.0, X-CUBE-AZRTOS-F7_V1.1.0, X-CUBE-AZRTOS-G0_V1.1.0, X-CUBE-AZRTOS-G4_V2.0.0, X-CUBE-AZRTOS-H7RS_V1.0.0, X-CUBE-AZRTOS-H7_V3.2.0, X-CUBE-AZRTOS-L4_V2.0.0, X-CUBE-AZRTOS-L5_V2.0.0, X-CUBE-AZRTOS-WB_V2.0.0, X-CUBE-AZRTOS-WL_V2.0.0, X-CUBE-BLE1_V7.0.0, X-CUBE-BLE2_V3.3.0, X-CUBE-BLEMGR_V3.1.0, X-CUBE-EEPRMA1_V5.1.0, X-CUBE-FREERTOS_V1.2.0, X-CUBE-GNSS1_V6.0.0, X-CUBE-MEMS1_V11.0.0, X-CUBE-NFC4_V3.0.0, X-CUBE-NFC7_V1.0.1, X-CUBE-SFXS2LP1_V4.0.0, X-CUBE-SUBG2_V5.0.0, X-CUBE-TOF1_V3.4.2]
2024-09-21 11:24:38,476 [INFO] DbBoardsSqlite:226 - include board P-NUCLEO-WB55-NUCLEO as a kit item of type 'Nucleo-64'
2024-09-21 11:24:38,476 [INFO] DbBoardsSqlite:226 - include board P-NUCLEO-WB55-USBDONGLE as a kit item of type 'Nucleo USB Dongle'
2024-09-21 11:24:38,476 [INFO] DbBoardsSqlite:226 - include board STEVAL-IDP005V1 as a kit item of type 'Evaluation Board'
2024-09-21 11:24:38,477 [INFO] DbBoardsSqlite:226 - include board STEVAL-IDP005V2 as a kit item of type 'Evaluation Board'
2024-09-21 11:24:38,501 [INFO] ApiDb:240 - Found 483 in-development CPN: [B-G473E-ZEST1S, B-WB1M-WPAN1, B-WL5M-SUBG1, NUCLEO-C031C6, NUCLEO-H503RB, NUCLEO-H533RE, NUCLEO-H563ZI, NUCLEO-H7S3L8, NUCLEO-U031R8, NUCLEO-U083RC, NUCLEO-U545RE-Q, NUCLEO-U5A5ZJ-Q, NUCLEO-WBA52CG, NUCLEO-WBA55CG, STEVAL-PROTEUS1, STEVAL-SMARTAG2, STEVAL-STWINBX1, STM320518-EVAL, STM32C0116-DK, STM32C011D6Y3TR, STM32C011D6Y6TR, STM32C011F4P3, STM32C011F4P6, STM32C011F4U3, STM32C011F4U6TR, STM32C011F6P3, STM32C011F6P6, STM32C011F6U3, STM32C011F6U6TR, STM32C011J4M3, STM32C011J4M6, STM32C011J6M3, STM32C011J6M6, STM32C0316-DK, STM32C031C4T3, STM32C031C4T6, STM32C031C4U3, STM32C031C4U6, STM32C031C6T3, STM32C031C6T6, STM32C031C6U3, STM32C031C6U6, STM32C031F4P3, STM32C031F4P6, STM32C031F6P3, STM32C031F6P6, STM32C031G4U3, STM32C031G4U6, STM32C031G6U3, STM32C031G6U6, STM32C031K4T3, STM32C031K4T6, STM32C031K4U3, STM32C031K4U6, STM32C031K6T3, STM32C031K6T6, STM32C031K6U3, STM32C031K6U6, STM32G071K8TXN, STM32G071K8UXN, STM32G081GBU6N, STM32G081KBT6N, STM32G081KBUXN, STM32G0B1CCT6N, STM32G0B1KCT6, STM32G0B1NEY6TR, STM32G0B1RCT6N, STM32G0C1CCT6, STM32G0C1CCT6N, STM32G0C1CCU6N, STM32G0C1CET6N, STM32G0C1CEU6N, STM32G0C1KCT6, STM32G0C1NEY6TR, STM32G0C1RCI6N, STM32G0C1RCT6N, STM32G0C1REI6N, STM32G0C1RET6N, STM32G0C1VCI6, STM32G0C1VEI6, STM32G471CCT6, STM32G471CCU6, STM32G471CET3, STM32G471CET6, STM32G471CEU3, STM32G471CEU6, STM32G471MCT6, STM32G471MET3, STM32G471MET6, STM32G471MEY6TR, STM32G471QCT6, STM32G471QET3, STM32G471RCT6, STM32G471RET3, STM32G471RET6, STM32G471VCH6, STM32G471VCI6, STM32G471VCT6, STM32G471VEH3, STM32G471VEH6, STM32G471VEI3, STM32G471VEI6, STM32G471VET3, STM32G471VET6, STM32G474CCT6, STM32H503CBT6, STM32H503CBU6, STM32H503EBY6TR, STM32H503KBU6, STM32H503RBT6, STM32H523CCT6, STM32H523CCU6, STM32H523CET6, STM32H523CEU6, STM32H523HEY6TR, STM32H523RCT6, STM32H523RET6, STM32H523VCI6, STM32H523VCT6, STM32H523VEI6, STM32H523VET6, STM32H523ZCJ6, STM32H523ZCT6, STM32H523ZEJ6, STM32H523ZET6, STM32H533CET6, STM32H533CEU6, STM32H533HEY6TR, STM32H533RET6, STM32H533VEI6, STM32H533VET6, STM32H533ZEJ6, STM32H533ZET6, STM32H562AGI6, STM32H562AII6, STM32H562IGK6, STM32H562IGT6, STM32H562IIK6, STM32H562IIT6, STM32H562RGT6, STM32H562RGV6, STM32H562RIT6, STM32H562RIV6, STM32H562VGT6, STM32H562VIT6, STM32H562ZGT6, STM32H562ZIT6, STM32H563AGI6, STM32H563AII3Q, STM32H563AII6, STM32H563IGK6, STM32H563IGT6, STM32H563IIK3Q, STM32H563IIK6, STM32H563IIT3Q, STM32H563IIT6, STM32H563MIY3QTR, STM32H563RGT6, STM32H563RGV6, STM32H563RIT6, STM32H563RIV6, STM32H563VGT6, STM32H563VIT3Q, STM32H563VIT6, STM32H563ZGT6, STM32H563ZIT3Q, STM32H563ZIT6, STM32H573AII3Q, STM32H573AII6, STM32H573I-DK, STM32H573IIK3Q, STM32H573IIK6, STM32H573IIT3Q, STM32H573IIT6, STM32H573MIY3QTR, STM32H573RIT6, STM32H573RIV6, STM32H573VIT3Q, STM32H573VIT6, STM32H573ZIT3Q, STM32H573ZIT6, STM32H7R3A8I6, STM32H7R3I8K6, STM32H7R3I8T6, STM32H7R3L8H6, STM32H7R3L8H6H, STM32H7R3R8V6, STM32H7R3V8H6, STM32H7R3V8T6, STM32H7R3V8Y6, STM32H7R3Z8J6, STM32H7R3Z8T6, STM32H7R7A8I6, STM32H7R7I8K6, STM32H7R7I8T6, STM32H7R7L8H6, STM32H7R7L8H6H, STM32H7R7Z8J6, STM32H7S3A8I6, STM32H7S3I8K6, STM32H7S3I8T6, STM32H7S3L8H6, STM32H7S3L8H6H, STM32H7S3R8V6, STM32H7S3V8H6, STM32H7S3V8T6, STM32H7S3V8Y6, STM32H7S3Z8J6, STM32H7S3Z8T6, STM32H7S78-DK, STM32H7S7A8I6, STM32H7S7I8K6, STM32H7S7I8T6, STM32H7S7L8H6, STM32H7S7L8H6H, STM32H7S7Z8J6, STM32L4R5QGI6STR, STM32MP131AAE3, STM32MP131AAF3, STM32MP131AAG3, STM32MP131CAE3, STM32MP131CAF3, STM32MP131CAG3, STM32MP131DAE7, STM32MP131DAF7, STM32MP131DAG7, STM32MP131FAE7, STM32MP131FAF7, STM32MP131FAG7, STM32MP133AAE3, STM32MP133AAF3, STM32MP133AAG3, STM32MP133CAE3, STM32MP133CAF3, STM32MP133CAG3, STM32MP133DAE7, STM32MP133DAF7, STM32MP133DAG7, STM32MP133FAE7, STM32MP133FAF7, STM32MP133FAG7, STM32MP135AAE3, STM32MP135AAF3, STM32MP135AAG3, STM32MP135CAE3, STM32MP135CAF3, STM32MP135CAG3, STM32MP135DAE7, STM32MP135DAF7, STM32MP135DAG7, STM32MP135F-DK, STM32MP135FAE7, STM32MP135FAF7, STM32MP135FAF7T, STM32MP135FAF7U, STM32MP135FAG7, STM32U031C6T6, STM32U031C6U6, STM32U031C8T6, STM32U031C8U6, STM32U031F4P6, STM32U031F6P6, STM32U031F8P6, STM32U031G6Y6TR, STM32U031G8Y6TR, STM32U031K4U6, STM32U031K6U6, STM32U031K8U6, STM32U031R6I6, STM32U031R6T6, STM32U031R8I6, STM32U031R8T6, STM32U073C8T6, STM32U073C8U6, STM32U073CBT6, STM32U073CBU6, STM32U073CCT6, STM32U073CCU6, STM32U073H8Y6TR, STM32U073HBY6TR, STM32U073HCY6TR, STM32U073K8U6, STM32U073KBU6, STM32U073KCU6, STM32U073M8I6, STM32U073M8T6, STM32U073MBI6, STM32U073MBT6, STM32U073MCI6, STM32U073MCT6, STM32U073R8I6, STM32U073R8T6, STM32U073RBI6, STM32U073RBT6, STM32U073RCI6, STM32U073RCT6, STM32U083C-DK, STM32U083CCT6, STM32U083CCU6, STM32U083HCY6TR, STM32U083KCU6, STM32U083MCI6, STM32U083MCT6, STM32U083RCI6, STM32U083RCT6, STM32U535CBT6, STM32U535CBT6Q, STM32U535CBU6, STM32U535CBU6Q, STM32U535CCT6, STM32U535CCT6Q, STM32U535CCU6, STM32U535CCU6Q, STM32U535CET6, STM32U535CET6Q, STM32U535CEU6, STM32U535CEU6Q, STM32U535JEY6QTR, STM32U535NCY6QTR, STM32U535NEY6QTR, STM32U535RBI6, STM32U535RBI6Q, STM32U535RBT6, STM32U535RBT6Q, STM32U535RCI6, STM32U535RCI6Q, STM32U535RCT6, STM32U535RCT6Q, STM32U535REI6, STM32U535REI6Q, STM32U535RET6, STM32U535RET6Q, STM32U535VCI6, STM32U535VCI6Q, STM32U535VCT6, STM32U535VCT6Q, STM32U535VEI6, STM32U535VEI6Q, STM32U535VET6, STM32U535VET6Q, STM32U545CET6, STM32U545CET6Q, STM32U545CEU6, STM32U545CEU6Q, STM32U545JEY6QTR, STM32U545NEY6QTR, STM32U545REI6, STM32U545REI6Q, STM32U545RET6, STM32U545RET6Q, STM32U545VEI6, STM32U545VEI6Q, STM32U545VET6, STM32U545VET6Q, STM32U595AIH6, STM32U595AIH6Q, STM32U595AJH6, STM32U595AJH6Q, STM32U595QII6, STM32U595QII6Q, STM32U595QJI6, STM32U595QJI6Q, STM32U595RIT6, STM32U595RIT6Q, STM32U595RJT6, STM32U595RJT6Q, STM32U595VIT6, STM32U595VIT6Q, STM32U595VJT6, STM32U595VJT6Q, STM32U595ZIT6, STM32U595ZIT6Q, STM32U595ZIY6QTR, STM32U595ZJT6, STM32U595ZJT6Q, STM32U595ZJY6QTR, STM32U599BJY6QTR, STM32U599NIH6Q, STM32U599NJH6Q, STM32U599VIT6Q, STM32U599VJT6, STM32U599VJT6Q, STM32U599ZIT6Q, STM32U599ZIY6QTR, STM32U599ZJT6Q, STM32U599ZJY6QTR, STM32U5A5AJH6, STM32U5A5AJH6Q, STM32U5A5QII3Q , STM32U5A5QJI6, STM32U5A5QJI6Q, STM32U5A5RJT6, STM32U5A5RJT6Q, STM32U5A5VJT6, STM32U5A5VJT6Q, STM32U5A5ZJT6, STM32U5A5ZJT6Q, STM32U5A5ZJY6QTR, STM32U5A9BJY6QTR, STM32U5A9J-DK, STM32U5A9NJH6Q, STM32U5A9VJT6Q, STM32U5A9ZJT6Q, STM32U5A9ZJY6QTR, STM32U5F7VIT6, STM32U5F7VIT6Q, STM32U5F7VJT6, STM32U5F7VJT6Q, STM32U5F9BJY6QTR, STM32U5F9NJH6Q, STM32U5F9VIT6Q, STM32U5F9VJT6Q, STM32U5F9ZIJ6QTR, STM32U5F9ZIT6Q, STM32U5F9ZJJ6QTR, STM32U5F9ZJT6Q, STM32U5G7VJT6, STM32U5G7VJT6Q, STM32U5G9BJY6QTR, STM32U5G9J-DK1, STM32U5G9J-DK2, STM32U5G9NJH6Q, STM32U5G9VJT6Q, STM32U5G9ZJJ6QTR, STM32U5G9ZJT6Q, STM32WB1MMCH6, STM32WBA50KEU6, STM32WBA50KEU6TR, STM32WBA50KGU6, STM32WBA50KGU6TR, STM32WBA52CEU6, STM32WBA52CEU6TR, STM32WBA52CEU7, STM32WBA52CEU7TR, STM32WBA52CGU6, STM32WBA52CGU6TR, STM32WBA52CGU6U, STM32WBA52CGU7, STM32WBA52CGU7TR, STM32WBA52KEU6, STM32WBA52KEU6TR, STM32WBA52KGU6, STM32WBA52KGU6TR, STM32WBA54CEU6, STM32WBA54CEU6TR, STM32WBA54CEU7, STM32WBA54CEU7TR, STM32WBA54CGU6, STM32WBA54CGU6TR, STM32WBA54CGU7, STM32WBA54CGU7TR, STM32WBA54KEU6, STM32WBA54KEU6TR, STM32WBA54KEU7, STM32WBA54KEU7TR, STM32WBA54KGU6, STM32WBA54KGU6TR, STM32WBA54KGU7, STM32WBA54KGU7TR, STM32WBA55CEU6, STM32WBA55CEU6TR, STM32WBA55CEU7, STM32WBA55CEU7TR, STM32WBA55CGU6, STM32WBA55CGU6TR, STM32WBA55CGU6U, STM32WBA55CGU7, STM32WBA55CGU7TR, STM32WBA55G-DK1, STM32WBA55HEF6, STM32WBA55HEF7, STM32WBA55HGF6, STM32WBA55HGF7, STM32WBA55UEI6, STM32WBA55UEI6TR, STM32WBA55UEI7, STM32WBA55UEI7TR, STM32WBA55UGI6, STM32WBA55UGI6TR, STM32WBA55UGI7, STM32WBA55UGI7TR, STM32WL5MOCH6, STM32WL5MOCH6TR]
2024-09-21 11:24:38,504 [INFO] ApiDb:668 - CubeFinder database Data Model version=2.1
2024-09-21 11:24:38,504 [INFO] ApiDb:669 - CubeFinder database Configuration version=3.0.39
2024-09-21 11:24:38,504 [INFO] ApiDb:670 - CubeFinder database generation date=2024-09-16 (1726485674)
2024-09-21 11:24:38,504 [INFO] ApiDb:671 - CubeFinder database FW Pack versions=[FP-ATR-ASTRA1_V2.0.0, FP-SNS-FLIGHT1_V5.0.2, FP-SNS-MOTENV1_V5.0.0, FP-SNS-MOTENVWB1_V1.4.0, FP-SNS-SMARTAG2_V1.2.0, FP-SNS-STBOX1_V2.0.0, STM32Cube_FW_C0_V1.2.0, STM32Cube_FW_F4_V1.28.1, STM32Cube_FW_F7_V1.17.2, STM32Cube_FW_G0_V1.6.2, STM32Cube_FW_G4_V1.6.0, STM32Cube_FW_H5_V1.3.0, STM32Cube_FW_H7RS_V1.1.0, STM32Cube_FW_H7_V1.11.2, STM32Cube_FW_L0_V1.12.2, STM32Cube_FW_L5_V1.5.1, STM32Cube_FW_U0_V1.1.0, STM32Cube_FW_U5_V1.6.0, STM32Cube_FW_WB0_V1.0.0, STM32Cube_FW_WBA_V1.4.1, STM32Cube_FW_WB_V1.20.0, STM32Cube_FW_WL_V1.3.0, X-CUBE-ALGOBUILD_V1.4.0, X-CUBE-ALS_V1.0.2, X-CUBE-AZRTOS-F4_V1.1.0, X-CUBE-AZRTOS-F7_V1.1.0, X-CUBE-AZRTOS-G0_V1.1.0, X-CUBE-AZRTOS-G4_V2.0.0, X-CUBE-AZRTOS-H7RS_V1.0.0, X-CUBE-AZRTOS-H7_V3.2.0, X-CUBE-AZRTOS-L4_V2.0.0, X-CUBE-AZRTOS-L5_V2.0.0, X-CUBE-AZRTOS-WB_V2.0.0, X-CUBE-AZRTOS-WL_V2.0.0, X-CUBE-BLE1_V7.0.0, X-CUBE-BLE2_V3.3.0, X-CUBE-BLEMGR_V3.1.0, X-CUBE-EEPRMA1_V5.1.0, X-CUBE-FREERTOS_V1.2.0, X-CUBE-GNSS1_V6.0.0, X-CUBE-MEMS1_V11.0.0, X-CUBE-NFC4_V3.0.0, X-CUBE-NFC7_V1.0.1, X-CUBE-SFXS2LP1_V4.0.0, X-CUBE-SUBG2_V5.0.0, X-CUBE-TOF1_V3.4.2]
2024-09-21 11:24:39,492 [INFO] ApiDb:240 - Found 483 in-development CPN: [B-G473E-ZEST1S, B-WB1M-WPAN1, B-WL5M-SUBG1, NUCLEO-C031C6, NUCLEO-H503RB, NUCLEO-H533RE, NUCLEO-H563ZI, NUCLEO-H7S3L8, NUCLEO-U031R8, NUCLEO-U083RC, NUCLEO-U545RE-Q, NUCLEO-U5A5ZJ-Q, NUCLEO-WBA52CG, NUCLEO-WBA55CG, STEVAL-PROTEUS1, STEVAL-SMARTAG2, STEVAL-STWINBX1, STM320518-EVAL, STM32C0116-DK, STM32C011D6Y3TR, STM32C011D6Y6TR, STM32C011F4P3, STM32C011F4P6, STM32C011F4U3, STM32C011F4U6TR, STM32C011F6P3, STM32C011F6P6, STM32C011F6U3, STM32C011F6U6TR, STM32C011J4M3, STM32C011J4M6, STM32C011J6M3, STM32C011J6M6, STM32C0316-DK, STM32C031C4T3, STM32C031C4T6, STM32C031C4U3, STM32C031C4U6, STM32C031C6T3, STM32C031C6T6, STM32C031C6U3, STM32C031C6U6, STM32C031F4P3, STM32C031F4P6, STM32C031F6P3, STM32C031F6P6, STM32C031G4U3, STM32C031G4U6, STM32C031G6U3, STM32C031G6U6, STM32C031K4T3, STM32C031K4T6, STM32C031K4U3, STM32C031K4U6, STM32C031K6T3, STM32C031K6T6, STM32C031K6U3, STM32C031K6U6, STM32G071K8TXN, STM32G071K8UXN, STM32G081GBU6N, STM32G081KBT6N, STM32G081KBUXN, STM32G0B1CCT6N, STM32G0B1KCT6, STM32G0B1NEY6TR, STM32G0B1RCT6N, STM32G0C1CCT6, STM32G0C1CCT6N, STM32G0C1CCU6N, STM32G0C1CET6N, STM32G0C1CEU6N, STM32G0C1KCT6, STM32G0C1NEY6TR, STM32G0C1RCI6N, STM32G0C1RCT6N, STM32G0C1REI6N, STM32G0C1RET6N, STM32G0C1VCI6, STM32G0C1VEI6, STM32G471CCT6, STM32G471CCU6, STM32G471CET3, STM32G471CET6, STM32G471CEU3, STM32G471CEU6, STM32G471MCT6, STM32G471MET3, STM32G471MET6, STM32G471MEY6TR, STM32G471QCT6, STM32G471QET3, STM32G471RCT6, STM32G471RET3, STM32G471RET6, STM32G471VCH6, STM32G471VCI6, STM32G471VCT6, STM32G471VEH3, STM32G471VEH6, STM32G471VEI3, STM32G471VEI6, STM32G471VET3, STM32G471VET6, STM32G474CCT6, STM32H503CBT6, STM32H503CBU6, STM32H503EBY6TR, STM32H503KBU6, STM32H503RBT6, STM32H523CCT6, STM32H523CCU6, STM32H523CET6, STM32H523CEU6, STM32H523HEY6TR, STM32H523RCT6, STM32H523RET6, STM32H523VCI6, STM32H523VCT6, STM32H523VEI6, STM32H523VET6, STM32H523ZCJ6, STM32H523ZCT6, STM32H523ZEJ6, STM32H523ZET6, STM32H533CET6, STM32H533CEU6, STM32H533HEY6TR, STM32H533RET6, STM32H533VEI6, STM32H533VET6, STM32H533ZEJ6, STM32H533ZET6, STM32H562AGI6, STM32H562AII6, STM32H562IGK6, STM32H562IGT6, STM32H562IIK6, STM32H562IIT6, STM32H562RGT6, STM32H562RGV6, STM32H562RIT6, STM32H562RIV6, STM32H562VGT6, STM32H562VIT6, STM32H562ZGT6, STM32H562ZIT6, STM32H563AGI6, STM32H563AII3Q, STM32H563AII6, STM32H563IGK6, STM32H563IGT6, STM32H563IIK3Q, STM32H563IIK6, STM32H563IIT3Q, STM32H563IIT6, STM32H563MIY3QTR, STM32H563RGT6, STM32H563RGV6, STM32H563RIT6, STM32H563RIV6, STM32H563VGT6, STM32H563VIT3Q, STM32H563VIT6, STM32H563ZGT6, STM32H563ZIT3Q, STM32H563ZIT6, STM32H573AII3Q, STM32H573AII6, STM32H573I-DK, STM32H573IIK3Q, STM32H573IIK6, STM32H573IIT3Q, STM32H573IIT6, STM32H573MIY3QTR, STM32H573RIT6, STM32H573RIV6, STM32H573VIT3Q, STM32H573VIT6, STM32H573ZIT3Q, STM32H573ZIT6, STM32H7R3A8I6, STM32H7R3I8K6, STM32H7R3I8T6, STM32H7R3L8H6, STM32H7R3L8H6H, STM32H7R3R8V6, STM32H7R3V8H6, STM32H7R3V8T6, STM32H7R3V8Y6, STM32H7R3Z8J6, STM32H7R3Z8T6, STM32H7R7A8I6, STM32H7R7I8K6, STM32H7R7I8T6, STM32H7R7L8H6, STM32H7R7L8H6H, STM32H7R7Z8J6, STM32H7S3A8I6, STM32H7S3I8K6, STM32H7S3I8T6, STM32H7S3L8H6, STM32H7S3L8H6H, STM32H7S3R8V6, STM32H7S3V8H6, STM32H7S3V8T6, STM32H7S3V8Y6, STM32H7S3Z8J6, STM32H7S3Z8T6, STM32H7S78-DK, STM32H7S7A8I6, STM32H7S7I8K6, STM32H7S7I8T6, STM32H7S7L8H6, STM32H7S7L8H6H, STM32H7S7Z8J6, STM32L4R5QGI6STR, STM32MP131AAE3, STM32MP131AAF3, STM32MP131AAG3, STM32MP131CAE3, STM32MP131CAF3, STM32MP131CAG3, STM32MP131DAE7, STM32MP131DAF7, STM32MP131DAG7, STM32MP131FAE7, STM32MP131FAF7, STM32MP131FAG7, STM32MP133AAE3, STM32MP133AAF3, STM32MP133AAG3, STM32MP133CAE3, STM32MP133CAF3, STM32MP133CAG3, STM32MP133DAE7, STM32MP133DAF7, STM32MP133DAG7, STM32MP133FAE7, STM32MP133FAF7, STM32MP133FAG7, STM32MP135AAE3, STM32MP135AAF3, STM32MP135AAG3, STM32MP135CAE3, STM32MP135CAF3, STM32MP135CAG3, STM32MP135DAE7, STM32MP135DAF7, STM32MP135DAG7, STM32MP135F-DK, STM32MP135FAE7, STM32MP135FAF7, STM32MP135FAF7T, STM32MP135FAF7U, STM32MP135FAG7, STM32U031C6T6, STM32U031C6U6, STM32U031C8T6, STM32U031C8U6, STM32U031F4P6, STM32U031F6P6, STM32U031F8P6, STM32U031G6Y6TR, STM32U031G8Y6TR, STM32U031K4U6, STM32U031K6U6, STM32U031K8U6, STM32U031R6I6, STM32U031R6T6, STM32U031R8I6, STM32U031R8T6, STM32U073C8T6, STM32U073C8U6, STM32U073CBT6, STM32U073CBU6, STM32U073CCT6, STM32U073CCU6, STM32U073H8Y6TR, STM32U073HBY6TR, STM32U073HCY6TR, STM32U073K8U6, STM32U073KBU6, STM32U073KCU6, STM32U073M8I6, STM32U073M8T6, STM32U073MBI6, STM32U073MBT6, STM32U073MCI6, STM32U073MCT6, STM32U073R8I6, STM32U073R8T6, STM32U073RBI6, STM32U073RBT6, STM32U073RCI6, STM32U073RCT6, STM32U083C-DK, STM32U083CCT6, STM32U083CCU6, STM32U083HCY6TR, STM32U083KCU6, STM32U083MCI6, STM32U083MCT6, STM32U083RCI6, STM32U083RCT6, STM32U535CBT6, STM32U535CBT6Q, STM32U535CBU6, STM32U535CBU6Q, STM32U535CCT6, STM32U535CCT6Q, STM32U535CCU6, STM32U535CCU6Q, STM32U535CET6, STM32U535CET6Q, STM32U535CEU6, STM32U535CEU6Q, STM32U535JEY6QTR, STM32U535NCY6QTR, STM32U535NEY6QTR, STM32U535RBI6, STM32U535RBI6Q, STM32U535RBT6, STM32U535RBT6Q, STM32U535RCI6, STM32U535RCI6Q, STM32U535RCT6, STM32U535RCT6Q, STM32U535REI6, STM32U535REI6Q, STM32U535RET6, STM32U535RET6Q, STM32U535VCI6, STM32U535VCI6Q, STM32U535VCT6, STM32U535VCT6Q, STM32U535VEI6, STM32U535VEI6Q, STM32U535VET6, STM32U535VET6Q, STM32U545CET6, STM32U545CET6Q, STM32U545CEU6, STM32U545CEU6Q, STM32U545JEY6QTR, STM32U545NEY6QTR, STM32U545REI6, STM32U545REI6Q, STM32U545RET6, STM32U545RET6Q, STM32U545VEI6, STM32U545VEI6Q, STM32U545VET6, STM32U545VET6Q, STM32U595AIH6, STM32U595AIH6Q, STM32U595AJH6, STM32U595AJH6Q, STM32U595QII6, STM32U595QII6Q, STM32U595QJI6, STM32U595QJI6Q, STM32U595RIT6, STM32U595RIT6Q, STM32U595RJT6, STM32U595RJT6Q, STM32U595VIT6, STM32U595VIT6Q, STM32U595VJT6, STM32U595VJT6Q, STM32U595ZIT6, STM32U595ZIT6Q, STM32U595ZIY6QTR, STM32U595ZJT6, STM32U595ZJT6Q, STM32U595ZJY6QTR, STM32U599BJY6QTR, STM32U599NIH6Q, STM32U599NJH6Q, STM32U599VIT6Q, STM32U599VJT6, STM32U599VJT6Q, STM32U599ZIT6Q, STM32U599ZIY6QTR, STM32U599ZJT6Q, STM32U599ZJY6QTR, STM32U5A5AJH6, STM32U5A5AJH6Q, STM32U5A5QII3Q , STM32U5A5QJI6, STM32U5A5QJI6Q, STM32U5A5RJT6, STM32U5A5RJT6Q, STM32U5A5VJT6, STM32U5A5VJT6Q, STM32U5A5ZJT6, STM32U5A5ZJT6Q, STM32U5A5ZJY6QTR, STM32U5A9BJY6QTR, STM32U5A9J-DK, STM32U5A9NJH6Q, STM32U5A9VJT6Q, STM32U5A9ZJT6Q, STM32U5A9ZJY6QTR, STM32U5F7VIT6, STM32U5F7VIT6Q, STM32U5F7VJT6, STM32U5F7VJT6Q, STM32U5F9BJY6QTR, STM32U5F9NJH6Q, STM32U5F9VIT6Q, STM32U5F9VJT6Q, STM32U5F9ZIJ6QTR, STM32U5F9ZIT6Q, STM32U5F9ZJJ6QTR, STM32U5F9ZJT6Q, STM32U5G7VJT6, STM32U5G7VJT6Q, STM32U5G9BJY6QTR, STM32U5G9J-DK1, STM32U5G9J-DK2, STM32U5G9NJH6Q, STM32U5G9VJT6Q, STM32U5G9ZJJ6QTR, STM32U5G9ZJT6Q, STM32WB1MMCH6, STM32WBA50KEU6, STM32WBA50KEU6TR, STM32WBA50KGU6, STM32WBA50KGU6TR, STM32WBA52CEU6, STM32WBA52CEU6TR, STM32WBA52CEU7, STM32WBA52CEU7TR, STM32WBA52CGU6, STM32WBA52CGU6TR, STM32WBA52CGU6U, STM32WBA52CGU7, STM32WBA52CGU7TR, STM32WBA52KEU6, STM32WBA52KEU6TR, STM32WBA52KGU6, STM32WBA52KGU6TR, STM32WBA54CEU6, STM32WBA54CEU6TR, STM32WBA54CEU7, STM32WBA54CEU7TR, STM32WBA54CGU6, STM32WBA54CGU6TR, STM32WBA54CGU7, STM32WBA54CGU7TR, STM32WBA54KEU6, STM32WBA54KEU6TR, STM32WBA54KEU7, STM32WBA54KEU7TR, STM32WBA54KGU6, STM32WBA54KGU6TR, STM32WBA54KGU7, STM32WBA54KGU7TR, STM32WBA55CEU6, STM32WBA55CEU6TR, STM32WBA55CEU7, STM32WBA55CEU7TR, STM32WBA55CGU6, STM32WBA55CGU6TR, STM32WBA55CGU6U, STM32WBA55CGU7, STM32WBA55CGU7TR, STM32WBA55G-DK1, STM32WBA55HEF6, STM32WBA55HEF7, STM32WBA55HGF6, STM32WBA55HGF7, STM32WBA55UEI6, STM32WBA55UEI6TR, STM32WBA55UEI7, STM32WBA55UEI7TR, STM32WBA55UGI6, STM32WBA55UGI6TR, STM32WBA55UGI7, STM32WBA55UGI7TR, STM32WL5MOCH6, STM32WL5MOCH6TR]
2024-09-21 11:24:39,501 [INFO] DbMcus:218 - Found 4204 MCUs, 4204 are supported
2024-09-21 11:24:39,502 [INFO] ApiDb:423 - Load user favorites file /Users/peterlototsky/.stm32cubeide/favorites.mcus.txt: 0 item(s)
2024-09-21 11:24:39,502 [INFO] ApiDb:427 - User favorites MCUs=[]
2024-09-21 11:24:39,502 [INFO] DbMcus:224 - Set 0 / 0 favorites MCUs
2024-09-21 11:24:39,792 [INFO] BoardInfo:889 - No configuration file found for board NUCLEO-WB05KZ
2024-09-21 11:24:39,792 [INFO] DbBoards:161 - Board is not supported: NUCLEO-WB05KZ
2024-09-21 11:24:39,793 [INFO] BoardInfo:889 - No configuration file found for board NUCLEO-WB07CC
2024-09-21 11:24:39,793 [INFO] DbBoards:161 - Board is not supported: NUCLEO-WB07CC
2024-09-21 11:24:39,794 [INFO] BoardInfo:889 - No configuration file found for board NUCLEO-WB09KE
2024-09-21 11:24:39,796 [INFO] DbBoards:161 - Board is not supported: NUCLEO-WB09KE
2024-09-21 11:24:39,803 [INFO] BoardInfo:889 - No configuration file found for board P-NUCLEO-WB55
2024-09-21 11:24:39,804 [INFO] DbBoards:161 - Kit is not supported: P-NUCLEO-WB55
2024-09-21 11:24:39,807 [INFO] BoardInfo:889 - No configuration file found for board STEVAL-BFA001V1B
2024-09-21 11:24:39,807 [INFO] DbBoards:161 - Kit is not supported: STEVAL-BFA001V1B
2024-09-21 11:24:39,807 [INFO] BoardInfo:889 - No configuration file found for board STEVAL-BFA001V2B
2024-09-21 11:24:39,808 [INFO] DbBoards:161 - Kit is not supported: STEVAL-BFA001V2B
2024-09-21 11:24:39,930 [INFO] BoardInfo:889 - No configuration file found for board STM32MP257F-DK
2024-09-21 11:24:39,933 [INFO] DbBoards:161 - Board is not supported: STM32MP257F-DK
2024-09-21 11:24:39,934 [INFO] BoardInfo:889 - No configuration file found for board STM32MP257F-EV1
2024-09-21 11:24:39,934 [INFO] DbBoards:161 - Board is not supported: STM32MP257F-EV1
2024-09-21 11:24:39,948 [INFO] DbBoards:168 - Found 200 boards, 192 are supported
2024-09-21 11:24:39,948 [INFO] DbBoards:169 - Found 200 boards, 8 of them is supported for  Bsp
2024-09-21 11:24:39,952 [INFO] ApiDb:414 - User favorites file not found: /Users/peterlototsky/.stm32cubeide/favorites.boards.txt
2024-09-21 11:24:39,952 [INFO] DbBoards:198 - Set 0 / 0 favorites Boards
2024-09-21 11:24:39,953 [INFO] McuFinderGlobals:76 - Set McuFinderConnectedMode to true
2024-09-21 11:24:39,975 [INFO] MultiScanPanel:200 - Auto-refresh data requested => check proxy status ongoing
2024-09-21 11:24:39,978 [INFO] FinderPluginLoader:95 - Searching for filters in installed packs
2024-09-21 11:24:41,382 [INFO] LoadUrlFilesThread:185 - End of LoadServerUrlFiles without Thread
2024-09-21 11:24:41,447 [INFO] DetailPanel:341 - Set advertising image to /Users/peterlototsky/STM32Cube/Repository//en.prom-stm32c071-usb-memories-mcu-finder.png
2024-09-21 11:25:32,677 [INFO] MainUpdater:2873 - connection check result : 10
2024-09-21 11:25:32,680 [INFO] MainUpdater:2873 - connection check result : 10
2024-09-21 11:25:33,063 [INFO] MicroXplorer:468 - Change Database Path : 
2024-09-21 11:25:33,064 [INFO] MicroXplorer:498 - Change Database Version : DB.6.0.111
2024-09-21 11:25:33,068 [WARN] ThirdParty:871 - waiting for thirdparty lock release [close project]
2024-09-21 11:25:33,068 [INFO] ThirdParty:873 - entering critical section [close project]
2024-09-21 11:25:33,071 [INFO] ThirdParty:883 - exiting critical section [close project]
2024-09-21 11:25:33,075 [INFO] PinOutPanel:1561 - setPackage(No Configuration,No Configuration)
2024-09-21 11:25:33,081 [INFO] UtilMem:75 - Begin LoadConfig() Used Memory: 361289784 Bytes (636485632)
2024-09-21 11:25:33,083 [INFO] MicroXplorer:468 - Change Database Path : 
2024-09-21 11:25:33,083 [INFO] MicroXplorer:498 - Change Database Version : DB.6.0.111
2024-09-21 11:25:33,083 [INFO] OpenFileManager:312 - Change cursor
2024-09-21 11:25:33,189 [INFO] Mcu:2021 - Initializing MCU STM32L476RGTx STM32L476RGTx STM32L476RGT6
2024-09-21 11:25:35,791 [INFO] Context:663 - Trying to add GPIOservice into a context  which must be forbidden
2024-09-21 11:25:36,833 [INFO] ImportTextPane:194 - (OptionalMessage_ERROR) Unable to find key (Mcu.ThirdPartyNb) in loaded IOC file
2024-09-21 11:25:36,834 [INFO] ImportTextPane:194 - (OptionalMessage_ERROR) Unable to find key (Mcu.PinsNb) in loaded IOC file
2024-09-21 11:25:36,835 [INFO] ImportTextPane:194 - (OptionalMessage_ERROR) Unable to find key (Mcu.IPNb) in loaded IOC file
2024-09-21 11:25:37,088 [INFO] RtosManager:555 - Registered RTOS mode: class=CMSIS, group=RTOS, mode=CMSIS_V1, owner=FREERTOS
2024-09-21 11:25:37,088 [INFO] RtosManager:555 - Registered RTOS mode: class=CMSIS, group=RTOS2, mode=CMSIS_V2, owner=FREERTOS
2024-09-21 11:25:37,088 [INFO] RtosManager:555 - Registered RTOS mode: class=RTOS, group=Core, mode=CMSIS_V1, owner=FREERTOS
2024-09-21 11:25:37,088 [INFO] RtosManager:555 - Registered RTOS mode: class=RTOS, group=Core, mode=CMSIS_V2, owner=FREERTOS
2024-09-21 11:25:37,088 [WARN] ModelIntegratedComponent:184 - Missing modes for component STMicroelectronics:FreeRTOS:0.0.1:STMicroelectronics:RTOS:FreeRTOS:Core:::10.2.0:
2024-09-21 11:25:37,139 [WARN] ModelIntegratedComponent:63 - No mode defined for component null
2024-09-21 11:25:37,139 [WARN] ModelIntegratedComponent:63 - No mode defined for component null
2024-09-21 11:25:37,139 [WARN] ModelIntegratedComponent:63 - No mode defined for component null
2024-09-21 11:25:37,139 [WARN] ModelIntegratedComponent:63 - No mode defined for component null
2024-09-21 11:25:37,139 [WARN] ModelIntegratedComponent:63 - No mode defined for component null
2024-09-21 11:25:37,139 [WARN] ModelIntegratedComponent:63 - No mode defined for component null
2024-09-21 11:25:37,139 [WARN] ModelIntegratedComponent:63 - No mode defined for component null
2024-09-21 11:25:37,140 [WARN] ModelIntegratedComponent:63 - No mode defined for component null
2024-09-21 11:25:37,140 [WARN] ModelIntegratedComponent:63 - No mode defined for component null
2024-09-21 11:25:37,140 [WARN] ModelIntegratedComponent:63 - No mode defined for component null
2024-09-21 11:25:37,140 [WARN] ModelIntegratedComponent:63 - No mode defined for component null
2024-09-21 11:25:37,140 [WARN] ModelIntegratedComponent:63 - No mode defined for component null
2024-09-21 11:25:37,140 [WARN] ModelIntegratedComponent:63 - No mode defined for component null
2024-09-21 11:25:37,140 [WARN] ModelIntegratedComponent:63 - No mode defined for component null
2024-09-21 11:25:37,140 [WARN] ModelIntegratedComponent:63 - No mode defined for component null
2024-09-21 11:25:37,140 [WARN] ModelIntegratedComponent:63 - No mode defined for component null
2024-09-21 11:25:37,140 [WARN] ModelIntegratedComponent:63 - No mode defined for component null
2024-09-21 11:25:37,140 [WARN] ModelIntegratedComponent:63 - No mode defined for component null
2024-09-21 11:25:37,140 [WARN] ModelIntegratedComponent:63 - No mode defined for component null
2024-09-21 11:25:37,140 [WARN] ModelIntegratedComponent:63 - No mode defined for component null
2024-09-21 11:25:37,140 [WARN] ModelIntegratedComponent:63 - No mode defined for component null
2024-09-21 11:25:37,140 [WARN] ModelIntegratedComponent:63 - No mode defined for component null
2024-09-21 11:25:37,140 [WARN] ModelIntegratedComponent:63 - No mode defined for component null
2024-09-21 11:25:37,140 [WARN] ModelIntegratedComponent:63 - No mode defined for component null
2024-09-21 11:25:37,140 [WARN] ModelIntegratedComponent:63 - No mode defined for component null
2024-09-21 11:25:37,140 [WARN] ModelIntegratedComponent:63 - No mode defined for component null
2024-09-21 11:25:37,140 [WARN] ModelIntegratedComponent:63 - No mode defined for component null
2024-09-21 11:25:37,140 [WARN] ModelIntegratedComponent:63 - No mode defined for component null
2024-09-21 11:25:37,140 [WARN] ModelIntegratedComponent:63 - No mode defined for component null
2024-09-21 11:25:37,140 [WARN] ModelIntegratedComponent:63 - No mode defined for component null
2024-09-21 11:25:37,140 [WARN] ModelIntegratedComponent:63 - No mode defined for component null
2024-09-21 11:25:37,140 [WARN] ModelIntegratedComponent:63 - No mode defined for component null
2024-09-21 11:25:37,140 [WARN] ModelIntegratedComponent:63 - No mode defined for component null
2024-09-21 11:25:37,140 [WARN] ModelIntegratedComponent:63 - No mode defined for component null
2024-09-21 11:25:37,266 [INFO] ThirdPartyModel:298 - Start build external matchings
2024-09-21 11:25:37,975 [INFO] ThirdPartyModel:316 - End build external matchings
2024-09-21 11:25:38,376 [INFO] UtilMem:75 - End LoadConfig() Used Memory: 607442240 Bytes (1013972992)
2024-09-21 11:25:38,501 [WARN] ThirdParty:833 - waiting for thirdparty lock release [change project]
2024-09-21 11:25:38,503 [INFO] ThirdParty:835 - entering critical section [change project]
2024-09-21 11:25:38,503 [INFO] ThirdParty:1030 - CMSIS Pack Vendor :STMicroelectronics USBPD 4.1
2024-09-21 11:25:38,503 [INFO] ThirdParty:1030 - CMSIS Pack Vendor :STMicroelectronics X-CUBE-AZRTOS-H7 3.3.0
2024-09-21 11:25:38,503 [INFO] ThirdParty:1030 - CMSIS Pack Vendor :STMicroelectronics X-CUBE-GNSS1 6.0.0
2024-09-21 11:25:38,503 [INFO] ThirdParty:1030 - CMSIS Pack Vendor :STMicroelectronics USB_HOST 2.0.0
2024-09-21 11:25:38,503 [INFO] ThirdParty:1030 - CMSIS Pack Vendor :STMicroelectronics FP-SNS-MOTENVWB1 1.4.0
2024-09-21 11:25:38,503 [INFO] ThirdParty:1030 - CMSIS Pack Vendor :STMicroelectronics X-CUBE-AZRTOS-F4 1.1.0
2024-09-21 11:25:38,503 [INFO] ThirdParty:1030 - CMSIS Pack Vendor :STMicroelectronics LIBJPEG 8.0.0
2024-09-21 11:25:38,503 [INFO] ThirdParty:1030 - CMSIS Pack Vendor :STMicroelectronics X-CUBE-SMBUS 2.1.0
2024-09-21 11:25:38,503 [INFO] ThirdParty:1030 - CMSIS Pack Vendor :STMicroelectronics USB_DEVICE 3.0.0
2024-09-21 11:25:38,503 [INFO] ThirdParty:1030 - CMSIS Pack Vendor :STMicroelectronics X-CUBE-TCPP 4.1.0
2024-09-21 11:25:38,503 [INFO] ThirdParty:1030 - CMSIS Pack Vendor :STMicroelectronics X-CUBE-ISPU 2.1.0
2024-09-21 11:25:38,503 [INFO] ThirdParty:1030 - CMSIS Pack Vendor :STMicroelectronics X-CUBE-FREERTOS 1.2.0
2024-09-21 11:25:38,503 [INFO] ThirdParty:1030 - CMSIS Pack Vendor :STMicroelectronics X-CUBE-AZRTOS-WB 2.0.0
2024-09-21 11:25:38,503 [INFO] ThirdParty:1030 - CMSIS Pack Vendor :STMicroelectronics X-CUBE-GNSS1 7.0.0
2024-09-21 11:25:38,503 [INFO] ThirdParty:1030 - CMSIS Pack Vendor :STMicroelectronics X-CUBE-TOUCHGFX 4.23.2
2024-09-21 11:25:38,503 [INFO] ThirdParty:1030 - CMSIS Pack Vendor :STMicroelectronics X-CUBE-AZRTOS-F7 1.1.0
2024-09-21 11:25:38,503 [INFO] ThirdParty:1030 - CMSIS Pack Vendor :STMicroelectronics X-CUBE-AZRTOS-L5 2.0.0
2024-09-21 11:25:38,503 [INFO] ThirdParty:1030 - CMSIS Pack Vendor :STMicroelectronics USB_DEVICE 2.0.0
2024-09-21 11:25:38,503 [INFO] ThirdParty:1030 - CMSIS Pack Vendor :STMicroelectronics X-CUBE-NFC6 3.1.0
2024-09-21 11:25:38,503 [INFO] ThirdParty:1030 - CMSIS Pack Vendor :STMicroelectronics FP-SNS-STBOX1 2.0.0
2024-09-21 11:25:38,503 [INFO] ThirdParty:1030 - CMSIS Pack Vendor :STMicroelectronics X-CUBE-MEMS1 11.0.0
2024-09-21 11:25:38,503 [INFO] ThirdParty:1030 - CMSIS Pack Vendor :STMicroelectronics FreeRTOS 0.0.1
2024-09-21 11:25:38,503 [INFO] ThirdParty:1030 - CMSIS Pack Vendor :STMicroelectronics X-CUBE-AZRTOS-G0 1.1.0
2024-09-21 11:25:38,503 [INFO] ThirdParty:1030 - CMSIS Pack Vendor :STMicroelectronics X-CUBE-SAFEA1 1.2.2
2024-09-21 11:25:38,503 [INFO] ThirdParty:1030 - CMSIS Pack Vendor :STMicroelectronics X-CUBE-NFC4 3.0.0
2024-09-21 11:25:38,503 [INFO] ThirdParty:1030 - CMSIS Pack Vendor :STMicroelectronics X-CUBE-DPower 1.2.0
2024-09-21 11:25:38,504 [INFO] ThirdParty:1030 - CMSIS Pack Vendor :STMicroelectronics X-CUBE-SUBG2 5.0.0
2024-09-21 11:25:38,504 [INFO] ThirdParty:1030 - CMSIS Pack Vendor :STMicroelectronics STM32_WPAN 1.0.0
2024-09-21 11:25:38,504 [INFO] ThirdParty:1030 - CMSIS Pack Vendor :EmbeddedOffice I-CUBE-FS-RTOS 1.0.1
2024-09-21 11:25:38,504 [INFO] ThirdParty:1030 - CMSIS Pack Vendor :STMicroelectronics lwIP 2.0.3
2024-09-21 11:25:38,504 [INFO] ThirdParty:1030 - CMSIS Pack Vendor :STMicroelectronics FP-SNS-FLIGHT1 5.0.2
2024-09-21 11:25:38,504 [INFO] ThirdParty:1030 - CMSIS Pack Vendor :Cesanta I-CUBE-Mongoose 7.13.0
2024-09-21 11:25:38,504 [INFO] ThirdParty:1030 - CMSIS Pack Vendor :STMicroelectronics USB_HOST 1.0.0
2024-09-21 11:25:38,504 [INFO] ThirdParty:1030 - CMSIS Pack Vendor :STMicroelectronics X-CUBE-AI 9.0.0
2024-09-21 11:25:38,504 [INFO] ThirdParty:1030 - CMSIS Pack Vendor :STMicroelectronics X-CUBE-AZRTOS-G4 2.0.0
2024-09-21 11:25:38,504 [INFO] ThirdParty:1030 - CMSIS Pack Vendor :STMicroelectronics PDM2PCM 3.1.0
2024-09-21 11:25:38,504 [INFO] ThirdParty:1030 - CMSIS Pack Vendor :STMicroelectronics PDM2PCM 3.3.0
2024-09-21 11:25:38,504 [INFO] ThirdParty:1030 - CMSIS Pack Vendor :STMicroelectronics X-CUBE-DISPLAY 3.0.0
2024-09-21 11:25:38,504 [INFO] ThirdParty:1030 - CMSIS Pack Vendor :RealThread X-CUBE-RT-Thread_Nano 4.1.1
2024-09-21 11:25:38,504 [INFO] ThirdParty:1030 - CMSIS Pack Vendor :wolfSSL I-CUBE-wolfSSL 5.7.0
2024-09-21 11:25:38,504 [INFO] ThirdParty:1030 - CMSIS Pack Vendor :STMicroelectronics X-CUBE-BLE1 7.0.0
2024-09-21 11:25:38,504 [INFO] ThirdParty:1030 - CMSIS Pack Vendor :STMicroelectronics FP-ATR-SIGFOX1 3.2.0
2024-09-21 11:25:38,504 [INFO] ThirdParty:1030 - CMSIS Pack Vendor :STMicroelectronics X-CUBE-ISPU 2.0.0
2024-09-21 11:25:38,504 [INFO] ThirdParty:1030 - CMSIS Pack Vendor :STMicroelectronics X-CUBE-EEPRMA1 5.1.0
2024-09-21 11:25:38,504 [INFO] ThirdParty:1030 - CMSIS Pack Vendor :STMicroelectronics HAL Drivers 0.0.0
2024-09-21 11:25:38,504 [INFO] ThirdParty:1030 - CMSIS Pack Vendor :STMicroelectronics MBEDTLS 2.16.2
2024-09-21 11:25:38,504 [INFO] ThirdParty:1030 - CMSIS Pack Vendor :STMicroelectronics X-CUBE-ALS 1.0.2
2024-09-21 11:25:38,504 [INFO] ThirdParty:1030 - CMSIS Pack Vendor :emotas I-CUBE-CANOPEN 1.3.0
2024-09-21 11:25:38,504 [INFO] ThirdParty:1030 - CMSIS Pack Vendor :STMicroelectronics X-CUBE-MEMS1 10.0.0
2024-09-21 11:25:38,504 [INFO] ThirdParty:1030 - CMSIS Pack Vendor :STMicroelectronics X-CUBE-NFC7 1.0.1
2024-09-21 11:25:38,504 [INFO] ThirdParty:1030 - CMSIS Pack Vendor :STMicroelectronics MBEDTLS 2.14.1
2024-09-21 11:25:38,504 [INFO] ThirdParty:1030 - CMSIS Pack Vendor :ITTIA_DB I-CUBE-ITTIADB 8.9.0
2024-09-21 11:25:38,504 [INFO] ThirdParty:1030 - CMSIS Pack Vendor :STMicroelectronics X-CUBE-TOUCHGFX 4.24.1
2024-09-21 11:25:38,504 [INFO] ThirdParty:1030 - CMSIS Pack Vendor :wolfSSL I-CUBE-wolfTPM 3.4.0
2024-09-21 11:25:38,504 [INFO] ThirdParty:1030 - CMSIS Pack Vendor :portGmbH I-Cube-SoM-uGOAL 1.1.0
2024-09-21 11:25:38,504 [INFO] ThirdParty:1030 - CMSIS Pack Vendor :STMicroelectronics X-CUBE-BLEMGR 3.1.0
2024-09-21 11:25:38,504 [INFO] ThirdParty:1030 - CMSIS Pack Vendor :STMicroelectronics ThreadX 1.0.0
2024-09-21 11:25:38,504 [INFO] ThirdParty:1030 - CMSIS Pack Vendor :STMicroelectronics FP-SNS-SMARTAG2 1.2.0
2024-09-21 11:25:38,504 [INFO] ThirdParty:1030 - CMSIS Pack Vendor :STMicroelectronics X-CUBE-AZRTOS-WL 2.0.0
2024-09-21 11:25:38,504 [INFO] ThirdParty:1030 - CMSIS Pack Vendor :SEGGER I-CUBE-embOS 1.3.1
2024-09-21 11:25:38,504 [INFO] ThirdParty:1030 - CMSIS Pack Vendor :STMicroelectronics X-CUBE-ALGOBUILD 1.4.0
2024-09-21 11:25:38,504 [INFO] ThirdParty:1030 - CMSIS Pack Vendor :STMicroelectronics FP-SNS-MOTENV1 5.0.0
2024-09-21 11:25:38,504 [INFO] ThirdParty:1030 - CMSIS Pack Vendor :STMicroelectronics USB_DEVICE 1.0.0
2024-09-21 11:25:38,504 [INFO] ThirdParty:1030 - CMSIS Pack Vendor :STMicroelectronics X-CUBE-AZRTOS-H7RS 1.0.0
2024-09-21 11:25:38,504 [INFO] ThirdParty:1030 - CMSIS Pack Vendor :wolfSSL I-CUBE-wolfMQTT 1.19.0
2024-09-21 11:25:38,504 [INFO] ThirdParty:1030 - CMSIS Pack Vendor :STMicroelectronics X-CUBE-AZRTOS-L4 2.0.0
2024-09-21 11:25:38,505 [INFO] ThirdParty:1030 - CMSIS Pack Vendor :STMicroelectronics ThreadX 0.0.2
2024-09-21 11:25:38,506 [INFO] ThirdParty:1030 - CMSIS Pack Vendor :WES I-CUBE-Cesium 1.3.0
2024-09-21 11:25:38,507 [INFO] ThirdParty:1030 - CMSIS Pack Vendor :STMicroelectronics FP-ATR-ASTRA1 2.0.0
2024-09-21 11:25:38,507 [INFO] ThirdParty:1030 - CMSIS Pack Vendor :STMicroelectronics lwIP 2.1.2
2024-09-21 11:25:38,508 [INFO] ThirdParty:1030 - CMSIS Pack Vendor :STMicroelectronics X-CUBE-SFXS2LP1 4.0.0
2024-09-21 11:25:38,508 [INFO] ThirdParty:1030 - CMSIS Pack Vendor :STMicroelectronics X-CUBE-BLE2 3.3.0
2024-09-21 11:25:38,508 [INFO] ThirdParty:1030 - CMSIS Pack Vendor :STMicroelectronics X-CUBE-TOF1 3.4.2
2024-09-21 11:25:38,508 [INFO] ThirdParty:1030 - CMSIS Pack Vendor :STMicroelectronics X-CUBE-TOF1 3.4.1
2024-09-21 11:25:38,508 [INFO] ThirdParty:1030 - CMSIS Pack Vendor :STMicroelectronics X-CUBE-AZRTOS-H7 3.2.0
2024-09-21 11:25:38,508 [INFO] ThirdParty:1030 - CMSIS Pack Vendor :Infineon AIROC-Wi-Fi-Bluetooth-STM32 1.6.0
2024-09-21 11:25:38,508 [INFO] ThirdParty:1030 - CMSIS Pack Vendor :STMicroelectronics PDM2PCM 3.2.0
2024-09-21 11:25:38,508 [INFO] ThirdParty:1030 - CMSIS Pack Vendor :wolfSSL I-CUBE-wolfSSH 1.4.17
2024-09-21 11:25:38,510 [INFO] ThirdParty:841 - exiting critical section [change project]
2024-09-21 11:25:39,477 [INFO] PinOutPanel:1561 - setPackage(No Configuration,No Configuration)
2024-09-21 11:25:39,480 [INFO] PinOutPanel:1561 - setPackage(STM32L476RGTx,LQFP64)
2024-09-21 11:25:40,565 [INFO] UtilMem:75 - Before build in PCC Used Memory: 483345872 Bytes (1013972992)
2024-09-21 11:25:41,642 [INFO] UtilMem:75 - After build in PCC Used Memory: 823093792 Bytes (1013972992)
2024-09-21 11:25:41,697 [INFO] IPUIPlugin:80 - create IPUIPlugin
2024-09-21 11:25:41,697 [INFO] IPUIPlugin:80 - create IPUIPlugin
2024-09-21 11:25:41,697 [INFO] IPUIPlugin:80 - create IPUIPlugin
2024-09-21 11:25:41,698 [INFO] IPUIPlugin:80 - create IPUIPlugin
2024-09-21 11:25:41,698 [INFO] IPUIPlugin:80 - create IPUIPlugin
2024-09-21 11:25:41,698 [INFO] IPUIPlugin:80 - create IPUIPlugin
2024-09-21 11:25:41,699 [INFO] IPUIPlugin:80 - create IPUIPlugin
2024-09-21 11:25:41,699 [INFO] IPUIPlugin:80 - create IPUIPlugin
2024-09-21 11:25:41,699 [INFO] IPUIPlugin:80 - create IPUIPlugin
2024-09-21 11:25:41,699 [INFO] IPUIPlugin:80 - create IPUIPlugin
2024-09-21 11:25:41,699 [INFO] IPUIPlugin:80 - create IPUIPlugin
2024-09-21 11:25:41,699 [INFO] IPUIPlugin:80 - create IPUIPlugin
2024-09-21 11:25:41,699 [INFO] IPUIPlugin:80 - create IPUIPlugin
2024-09-21 11:25:41,700 [INFO] IPUIPlugin:80 - create IPUIPlugin
2024-09-21 11:25:41,700 [INFO] IPUIPlugin:80 - create IPUIPlugin
2024-09-21 11:25:41,708 [INFO] IPUIPlugin:80 - create IPUIPlugin
2024-09-21 11:25:41,709 [INFO] IPUIPlugin:80 - create IPUIPlugin
2024-09-21 11:25:41,709 [INFO] IPUIPlugin:80 - create IPUIPlugin
2024-09-21 11:25:41,710 [INFO] IPUIPlugin:80 - create IPUIPlugin
2024-09-21 11:25:41,710 [INFO] IPUIPlugin:80 - create IPUIPlugin
2024-09-21 11:25:41,710 [INFO] IPUIPlugin:80 - create IPUIPlugin
2024-09-21 11:25:41,710 [INFO] IPUIPlugin:80 - create IPUIPlugin
2024-09-21 11:25:41,710 [INFO] IPUIPlugin:80 - create IPUIPlugin
2024-09-21 11:25:41,710 [INFO] IPUIPlugin:80 - create IPUIPlugin
2024-09-21 11:25:41,710 [INFO] IPUIPlugin:80 - create IPUIPlugin
2024-09-21 11:25:41,711 [INFO] IPUIPlugin:80 - create IPUIPlugin
2024-09-21 11:25:41,711 [INFO] IPUIPlugin:80 - create IPUIPlugin
2024-09-21 11:25:41,711 [INFO] IPUIPlugin:80 - create IPUIPlugin
2024-09-21 11:25:41,711 [INFO] IPUIPlugin:80 - create IPUIPlugin
2024-09-21 11:25:41,711 [INFO] IPUIPlugin:80 - create IPUIPlugin
2024-09-21 11:25:41,711 [INFO] IPUIPlugin:80 - create IPUIPlugin
2024-09-21 11:25:41,712 [INFO] IPUIPlugin:80 - create IPUIPlugin
2024-09-21 11:25:41,712 [INFO] IPUIPlugin:80 - create IPUIPlugin
2024-09-21 11:25:41,713 [INFO] IPUIPlugin:80 - create IPUIPlugin
2024-09-21 11:25:41,713 [INFO] IPUIPlugin:80 - create IPUIPlugin
2024-09-21 11:25:41,713 [INFO] IPUIPlugin:80 - create IPUIPlugin
2024-09-21 11:25:41,713 [INFO] IPUIPlugin:80 - create IPUIPlugin
2024-09-21 11:25:41,713 [INFO] IPUIPlugin:80 - create IPUIPlugin
2024-09-21 11:25:41,713 [INFO] IPUIPlugin:80 - create IPUIPlugin
2024-09-21 11:25:41,713 [INFO] IPUIPlugin:80 - create IPUIPlugin
2024-09-21 11:25:41,713 [INFO] IPUIPlugin:80 - create IPUIPlugin
2024-09-21 11:25:41,713 [INFO] IPUIPlugin:80 - create IPUIPlugin
2024-09-21 11:25:41,713 [INFO] IPUIPlugin:80 - create IPUIPlugin
2024-09-21 11:25:41,713 [INFO] IPUIPlugin:80 - create IPUIPlugin
2024-09-21 11:25:41,713 [INFO] IPUIPlugin:80 - create IPUIPlugin
2024-09-21 11:25:41,713 [INFO] IPUIPlugin:80 - create IPUIPlugin
2024-09-21 11:25:41,713 [INFO] IPUIPlugin:80 - create IPUIPlugin
2024-09-21 11:25:41,714 [INFO] IPUIPlugin:80 - create IPUIPlugin
2024-09-21 11:25:41,714 [INFO] IPUIPlugin:80 - create IPUIPlugin
2024-09-21 11:25:41,714 [INFO] IPUIPlugin:80 - create IPUIPlugin
2024-09-21 11:25:41,714 [INFO] IPUIPlugin:80 - create IPUIPlugin
2024-09-21 11:25:41,714 [INFO] IPUIPlugin:80 - create IPUIPlugin
2024-09-21 11:25:41,714 [INFO] IPUIPlugin:80 - create IPUIPlugin
2024-09-21 11:25:41,714 [INFO] IPUIPlugin:80 - create IPUIPlugin
2024-09-21 11:25:41,714 [INFO] IPUIPlugin:80 - create IPUIPlugin
2024-09-21 11:25:41,715 [INFO] IPUIPlugin:80 - create IPUIPlugin
2024-09-21 11:25:41,715 [INFO] IPUIPlugin:80 - create IPUIPlugin
2024-09-21 11:25:41,715 [INFO] IPUIPlugin:80 - create IPUIPlugin
2024-09-21 11:25:41,716 [INFO] IPUIPlugin:80 - create IPUIPlugin
2024-09-21 11:25:42,068 [INFO] CADModel:165 - CPN selected for project levelSTM32L476RGT6
2024-09-21 11:25:42,071 [INFO] CADModel:114 - Register for checkConnection events
2024-09-21 11:25:42,130 [INFO] OpenFileManager:343 - Restore cursor
2024-09-21 11:25:43,249 [INFO] UtilMem:75 - End SaveConfig() Used Memory: 536156160 Bytes (1013972992)
2024-09-21 11:25:51,223 [INFO] McuFinderGlobals:76 - Set McuFinderConnectedMode to true
2024-09-21 11:25:51,237 [INFO] ApiDb:448 - Save user favorites file /Users/peterlototsky/.stm32cubeide/favorites.mcus.txt: 0 item(s)
2024-09-21 11:25:51,238 [INFO] ApiDb:452 - User favorites MCUs=[]
2024-09-21 11:25:54,501 [INFO] McuFinderGlobals:63 - Set McuFinder mode to 2 (CubeIDE integrated)
2024-09-21 11:25:54,502 [INFO] UserAuth:179 - activating auth plugin
2024-09-21 11:25:54,513 [INFO] UserAuth:415 - Internet connection configuration mode: 1
2024-09-21 11:26:27,634 [INFO] WebApp:611 - userauth.ini deleted or not created
2024-09-21 11:28:26,547 [INFO] DmaTabbedPanel:205 - Cannot restore the selected Tab for DMA
2024-09-21 11:29:07,136 [INFO] NvicIntPanel:101 - NVIC parent = com.st.microxplorer.plugins.ip.nvic.MultiNvicIntPanel[,0,0,730x447,layout=javax.swing.BoxLayout,alignmentX=0.0,alignmentY=0.0,border=,flags=9,maximumSize=,minimumSize=,preferredSize=]
2024-09-21 11:29:39,672 [INFO] NvicIntPanel:101 - NVIC parent = com.st.microxplorer.plugins.ip.nvic.MultiNvicIntPanel[,0,0,0x0,invalid,layout=javax.swing.BoxLayout,alignmentX=0.0,alignmentY=0.0,border=,flags=9,maximumSize=,minimumSize=,preferredSize=]
2024-09-21 11:30:33,654 [INFO] NvicIntPanel:101 - NVIC parent = com.st.microxplorer.plugins.ip.nvic.MultiNvicIntPanel[,0,0,0x0,invalid,layout=javax.swing.BoxLayout,alignmentX=0.0,alignmentY=0.0,border=,flags=9,maximumSize=,minimumSize=,preferredSize=]
2024-09-21 11:30:38,835 [INFO] NvicIntPanel:101 - NVIC parent = com.st.microxplorer.plugins.ip.nvic.MultiNvicIntPanel[,0,0,0x0,invalid,layout=javax.swing.BoxLayout,alignmentX=0.0,alignmentY=0.0,border=,flags=9,maximumSize=,minimumSize=,preferredSize=]
2024-09-21 11:30:51,063 [INFO] NvicIntPanel:101 - NVIC parent = com.st.microxplorer.plugins.ip.nvic.MultiNvicIntPanel[,0,0,0x0,invalid,layout=javax.swing.BoxLayout,alignmentX=0.0,alignmentY=0.0,border=,flags=9,maximumSize=,minimumSize=,preferredSize=]
2024-09-21 11:30:55,066 [INFO] NvicIntPanel:101 - NVIC parent = com.st.microxplorer.plugins.ip.nvic.MultiNvicIntPanel[,0,0,0x0,invalid,layout=javax.swing.BoxLayout,alignmentX=0.0,alignmentY=0.0,border=,flags=9,maximumSize=,minimumSize=,preferredSize=]
2024-09-21 11:31:01,239 [INFO] NvicIntPanel:101 - NVIC parent = com.st.microxplorer.plugins.ip.nvic.MultiNvicIntPanel[,0,0,0x0,invalid,layout=javax.swing.BoxLayout,alignmentX=0.0,alignmentY=0.0,border=,flags=9,maximumSize=,minimumSize=,preferredSize=]
2024-09-21 11:34:58,372 [INFO] NvicIntPanel:101 - NVIC parent = com.st.microxplorer.plugins.ip.nvic.MultiNvicIntPanel[,0,0,0x0,invalid,layout=javax.swing.BoxLayout,alignmentX=0.0,alignmentY=0.0,border=,flags=9,maximumSize=,minimumSize=,preferredSize=]
2024-09-21 11:35:02,472 [INFO] NvicIntPanel:101 - NVIC parent = com.st.microxplorer.plugins.ip.nvic.MultiNvicIntPanel[,0,0,0x0,invalid,layout=javax.swing.BoxLayout,alignmentX=0.0,alignmentY=0.0,border=,flags=9,maximumSize=,minimumSize=,preferredSize=]
2024-09-21 11:35:06,423 [INFO] NvicIntPanel:101 - NVIC parent = com.st.microxplorer.plugins.ip.nvic.MultiNvicIntPanel[,0,0,0x0,invalid,layout=javax.swing.BoxLayout,alignmentX=0.0,alignmentY=0.0,border=,flags=9,maximumSize=,minimumSize=,preferredSize=]
2024-09-21 11:36:53,924 [INFO] NvicIntPanel:101 - NVIC parent = com.st.microxplorer.plugins.ip.nvic.MultiNvicIntPanel[,0,0,0x0,invalid,layout=javax.swing.BoxLayout,alignmentX=0.0,alignmentY=0.0,border=,flags=9,maximumSize=,minimumSize=,preferredSize=]
2024-09-21 11:36:54,055 [INFO] NvicIntPanel:101 - NVIC parent = com.st.microxplorer.plugins.ip.nvic.MultiNvicIntPanel[,0,0,0x0,invalid,layout=javax.swing.BoxLayout,alignmentX=0.0,alignmentY=0.0,border=,flags=9,maximumSize=,minimumSize=,preferredSize=]
2024-09-21 11:39:58,302 [INFO] UtilMem:75 - End SaveConfig() Used Memory: 713850352 Bytes (1073741824)
2024-09-21 11:39:59,896 [INFO] UtilMem:75 - End SaveConfig() Used Memory: 744661664 Bytes (1073741824)
2024-09-21 11:40:02,448 [INFO] ServerAccessManage:473 - Download File stm32cube_fw_l4_v1180.zip
2024-09-21 11:40:24,107 [INFO] AnalyticsPlugin:368 - Accepted License(s): [FW.L4.1.18.0]
2024-09-21 11:40:24,112 [INFO] FileExtend:240 - Unzip File : stm32cube_fw_l4_v1180.zip
2024-09-21 11:40:24,115 [INFO] FileExtend:255 - Standard Zip Deflate
2024-09-21 11:40:33,566 [INFO] ServerAccessManage:473 - Download File stm32cube_fw_l4_v1181.zip
2024-09-21 11:40:44,703 [INFO] FileExtend:240 - Unzip File : stm32cube_fw_l4_v1181.zip
2024-09-21 11:40:44,706 [INFO] FileExtend:255 - Standard Zip Deflate
2024-09-21 11:40:49,974 [INFO] LoadServerPackagesThread:196 - End of LoadServerPackages Thread
2024-09-21 11:40:50,177 [INFO] ThirdPartyModel:298 - Start build external matchings
2024-09-21 11:40:50,212 [INFO] UtilMem:75 - End SaveConfig() Used Memory: 1047444248 Bytes (1073741824)
2024-09-21 11:40:50,861 [INFO] BlockDiagram:2759 - set Specific Code input for plugin: SPI
2024-09-21 11:40:50,863 [INFO] BlockDiagram:2759 - set Specific Code input for plugin: DFSDM
2024-09-21 11:40:50,863 [INFO] BlockDiagram:2759 - set Specific Code input for plugin: SYS
2024-09-21 11:40:50,863 [INFO] BlockDiagram:2759 - set Specific Code input for plugin: RCC
2024-09-21 11:40:50,863 [INFO] BlockDiagram:2759 - set Specific Code input for plugin: NVIC
2024-09-21 11:40:50,863 [INFO] BlockDiagram:2759 - set Specific Code input for plugin: USART
2024-09-21 11:40:50,863 [INFO] BlockDiagram:2759 - set Specific Code input for plugin: DMA
2024-09-21 11:40:50,863 [INFO] BlockDiagram:2759 - set Specific Code input for plugin: GPIO
2024-09-21 11:40:50,865 [INFO] CodeGenerator:807 - code generatio: config db path: /Applications/STM32CubeIDE.app/Contents/Eclipse/plugins/com.st.stm32cube.common.mx_6.11.1.202404110753//db/
2024-09-21 11:40:50,898 [INFO] ThirdPartyModel:316 - End build external matchings
2024-09-21 11:40:50,908 [INFO] CheckServerUpdateThread:120 - End of CheckServer Thread
2024-09-21 11:40:51,088 [INFO] CodeEngine:255 - oldGeneratedFile, /Users/peterlototsky/Documents/GitHub/stm32DFSDMmicrophoneExample/stm32DFSDMmicrophone/MXTmpFiles/license.tmp_save
2024-09-21 11:40:51,559 [INFO] CodeEngine:279 - Generated code: /Users/peterlototsky/Documents/GitHub/stm32DFSDMmicrophoneExample/stm32DFSDMmicrophone/MXTmpFiles/license.tmp
2024-09-21 11:40:51,781 [INFO] CodeEngine:255 - oldGeneratedFile, /Users/peterlototsky/Documents/GitHub/stm32DFSDMmicrophoneExample/stm32DFSDMmicrophone/MXTmpFiles/gpio.tmp_save
2024-09-21 11:40:51,991 [INFO] CodeEngine:279 - Generated code: /Users/peterlototsky/Documents/GitHub/stm32DFSDMmicrophoneExample/stm32DFSDMmicrophone/MXTmpFiles/gpio.tmp
2024-09-21 11:40:53,431 [INFO] CodeEngine:255 - oldGeneratedFile, /Users/peterlototsky/Documents/GitHub/stm32DFSDMmicrophoneExample/stm32DFSDMmicrophone/MXTmpFiles/dma.tmp_save
2024-09-21 11:40:53,569 [INFO] CodeEngine:279 - Generated code: /Users/peterlototsky/Documents/GitHub/stm32DFSDMmicrophoneExample/stm32DFSDMmicrophone/MXTmpFiles/dma.tmp
2024-09-21 11:40:53,572 [INFO] CodeEngine:255 - oldGeneratedFile, /Users/peterlototsky/Documents/GitHub/stm32DFSDMmicrophoneExample/stm32DFSDMmicrophone/MXTmpFiles/dma_GV.tmp_save
2024-09-21 11:40:53,631 [INFO] CodeEngine:279 - Generated code: /Users/peterlototsky/Documents/GitHub/stm32DFSDMmicrophoneExample/stm32DFSDMmicrophone/MXTmpFiles/dma_GV.tmp
2024-09-21 11:40:53,642 [INFO] CodeEngine:255 - oldGeneratedFile, /Users/peterlototsky/Documents/GitHub/stm32DFSDMmicrophoneExample/stm32DFSDMmicrophone/Core/Src/stm32l4xx_it.c_save
2024-09-21 11:40:53,837 [INFO] CodeEngine:279 - Generated code: /Users/peterlototsky/Documents/GitHub/stm32DFSDMmicrophoneExample/stm32DFSDMmicrophone/Core/Src/stm32l4xx_it.c
2024-09-21 11:40:53,846 [INFO] CodeEngine:255 - oldGeneratedFile, /Users/peterlototsky/Documents/GitHub/stm32DFSDMmicrophoneExample/stm32DFSDMmicrophone/Core/Inc/stm32l4xx_it.h_save
2024-09-21 11:40:53,938 [INFO] CodeEngine:279 - Generated code: /Users/peterlototsky/Documents/GitHub/stm32DFSDMmicrophoneExample/stm32DFSDMmicrophone/Core/Inc/stm32l4xx_it.h
2024-09-21 11:40:53,950 [INFO] CodeEngine:255 - oldGeneratedFile, /Users/peterlototsky/Documents/GitHub/stm32DFSDMmicrophoneExample/stm32DFSDMmicrophone/Core/Src/stm32l4xx_hal_msp.c_save
2024-09-21 11:40:54,135 [INFO] CodeEngine:279 - Generated code: /Users/peterlototsky/Documents/GitHub/stm32DFSDMmicrophoneExample/stm32DFSDMmicrophone/Core/Src/stm32l4xx_hal_msp.c
2024-09-21 11:40:54,137 [INFO] CodeEngine:255 - oldGeneratedFile, /Users/peterlototsky/Documents/GitHub/stm32DFSDMmicrophoneExample/stm32DFSDMmicrophone/MXTmpFiles/system.tmp_save
2024-09-21 11:40:54,196 [INFO] CodeEngine:279 - Generated code: /Users/peterlototsky/Documents/GitHub/stm32DFSDMmicrophoneExample/stm32DFSDMmicrophone/MXTmpFiles/system.tmp
2024-09-21 11:40:54,201 [INFO] CodeEngine:311 - oldGeneratedFile, /Users/peterlototsky/Documents/GitHub/stm32DFSDMmicrophoneExample/stm32DFSDMmicrophone/Core/Inc/stm32l4xx_hal_conf.h_save
2024-09-21 11:40:54,289 [INFO] CodeEngine:335 - Generated code: /Users/peterlototsky/Documents/GitHub/stm32DFSDMmicrophoneExample/stm32DFSDMmicrophone/Core/Inc/stm32l4xx_hal_conf.h
2024-09-21 11:40:54,418 [INFO] CodeEngine:255 - oldGeneratedFile, /Users/peterlototsky/Documents/GitHub/stm32DFSDMmicrophoneExample/stm32DFSDMmicrophone/Core/Inc/main.h_save
2024-09-21 11:40:54,518 [INFO] CodeEngine:279 - Generated code: /Users/peterlototsky/Documents/GitHub/stm32DFSDMmicrophoneExample/stm32DFSDMmicrophone/Core/Inc/main.h
2024-09-21 11:40:54,521 [INFO] CodeEngine:255 - oldGeneratedFile, /Users/peterlototsky/Documents/GitHub/stm32DFSDMmicrophoneExample/stm32DFSDMmicrophone/Core/Src/main.c_save
2024-09-21 11:40:54,824 [INFO] CodeEngine:279 - Generated code: /Users/peterlototsky/Documents/GitHub/stm32DFSDMmicrophoneExample/stm32DFSDMmicrophone/Core/Src/main.c
2024-09-21 11:40:55,059 [INFO] ProjectBuilder:3163 - Time for Copy HAL[1] : 39mS.
2024-09-21 11:40:55,064 [INFO] ProjectBuilder:4736 - Project Generator version: 4.3.0-B58
2024-09-21 11:40:55,168 [INFO] ConfigFileManager:1503 - The Die is : DIE415
2024-09-21 11:40:55,207 [INFO] ApiDbMcu:508 - Load IP Config File for FATFS
2024-09-21 11:40:55,285 [INFO] ApiDbMcu:508 - Load IP Config File for FREERTOS
2024-09-21 11:40:55,811 [INFO] ApiDbMcu:508 - Load IP Config File for TOUCHSENSING
2024-09-21 11:40:55,898 [INFO] ApiDbMcu:508 - Load IP Config File for USB_DEVICE
2024-09-21 11:40:55,936 [INFO] ApiDbMcu:508 - Load IP Config File for USB_HOST
2024-09-21 11:40:56,490 [INFO] LogOutputStream:77 - [STDOUT_REDIRECT] 
2024-09-21 11:41:05,914 [INFO] ProjectBuilder:5002 - Time for Generating toolchain IDE Files: 10842mS.
2024-09-21 11:41:05,920 [INFO] ProjectBuilder:3034 - Time for Copy CMSIS : 2mS.
2024-09-21 11:41:05,923 [INFO] ProjectBuilder:3034 - Time for Copy CMSIS : 1mS.
